{"/Users/yuanzhijia/Desktop/yd-interface/src/utils/index.ts": {"path":"/Users/yuanzhijia/Desktop/yd-interface/src/utils/index.ts","statementMap":{"0":{"start":{"line":1,"column":13},"end":{"line":1,"column":70}},"1":{"start":{"line":1,"column":99},"end":{"line":1,"column":185}},"2":{"start":{"line":1,"column":119},"end":{"line":1,"column":185}},"3":{"start":{"line":1,"column":186},"end":{"line":1,"column":336}},"4":{"start":{"line":1,"column":233},"end":{"line":1,"column":258}},"5":{"start":{"line":1,"column":285},"end":{"line":1,"column":305}},"6":{"start":{"line":1,"column":322},"end":{"line":1,"column":332}},"7":{"start":{"line":1,"column":354},"end":{"line":1,"column":388}},"8":{"start":{"line":1,"column":363},"end":{"line":1,"column":371}},"9":{"start":{"line":1,"column":377},"end":{"line":1,"column":387}},"10":{"start":{"line":1,"column":412},"end":{"line":1,"column":519}},"11":{"start":{"line":1,"column":472},"end":{"line":1,"column":487}},"12":{"start":{"line":1,"column":487},"end":{"line":1,"column":517}},"13":{"start":{"line":1,"column":554},"end":{"line":1,"column":641}},"14":{"start":{"line":1,"column":584},"end":{"line":1,"column":640}},"15":{"start":{"line":1,"column":641},"end":{"line":1,"column":730}},"16":{"start":{"line":1,"column":671},"end":{"line":1,"column":729}},"17":{"start":{"line":1,"column":730},"end":{"line":1,"column":821}},"18":{"start":{"line":1,"column":754},"end":{"line":1,"column":820}},"19":{"start":{"line":1,"column":836},"end":{"line":1,"column":857}},"20":{"start":{"line":1,"column":858},"end":{"line":1,"column":954}},"21":{"start":{"line":1,"column":886},"end":{"line":1,"column":953}},"22":{"start":{"line":1,"column":995},"end":{"line":1,"column":1557}},"23":{"start":{"line":1,"column":999},"end":{"line":1,"column":1024}},"24":{"start":{"line":1,"column":1024},"end":{"line":1,"column":1117}},"25":{"start":{"line":1,"column":1052},"end":{"line":1,"column":1116}},"26":{"start":{"line":1,"column":1117},"end":{"line":1,"column":1196}},"27":{"start":{"line":1,"column":1129},"end":{"line":1,"column":1195}},"28":{"start":{"line":1,"column":1196},"end":{"line":1,"column":1224}},"29":{"start":{"line":1,"column":1210},"end":{"line":1,"column":1223}},"30":{"start":{"line":1,"column":1239},"end":{"line":1,"column":1271}},"31":{"start":{"line":1,"column":1272},"end":{"line":1,"column":1307}},"32":{"start":{"line":1,"column":1292},"end":{"line":1,"column":1306}},"33":{"start":{"line":1,"column":1319},"end":{"line":1,"column":1347}},"34":{"start":{"line":1,"column":1358},"end":{"line":1,"column":1397}},"35":{"start":{"line":1,"column":1398},"end":{"line":1,"column":1423}},"36":{"start":{"line":1,"column":1437},"end":{"line":1,"column":1489}},"37":{"start":{"line":1,"column":1477},"end":{"line":1,"column":1488}},"38":{"start":{"line":1,"column":1489},"end":{"line":1,"column":1556}}},"fnMap":{"0":{"name":"_export","decl":{"start":{"line":1,"column":79},"end":{"line":1,"column":86}},"loc":{"start":{"line":1,"column":98},"end":{"line":1,"column":186}},"line":1},"1":{"name":"(anonymous_1)","decl":{"start":{"line":1,"column":222},"end":{"line":1,"column":223}},"loc":{"start":{"line":1,"column":232},"end":{"line":1,"column":259}},"line":1},"2":{"name":"(anonymous_2)","decl":{"start":{"line":1,"column":274},"end":{"line":1,"column":275}},"loc":{"start":{"line":1,"column":284},"end":{"line":1,"column":306}},"line":1},"3":{"name":"(anonymous_3)","decl":{"start":{"line":1,"column":311},"end":{"line":1,"column":312}},"loc":{"start":{"line":1,"column":321},"end":{"line":1,"column":333}},"line":1},"4":{"name":"sum","decl":{"start":{"line":1,"column":345},"end":{"line":1,"column":348}},"loc":{"start":{"line":1,"column":353},"end":{"line":1,"column":389}},"line":1},"5":{"name":"(anonymous_5)","decl":{"start":{"line":1,"column":451},"end":{"line":1,"column":452}},"loc":{"start":{"line":1,"column":471},"end":{"line":1,"column":518}},"line":1},"6":{"name":"validateAddress","decl":{"start":{"line":1,"column":529},"end":{"line":1,"column":544}},"loc":{"start":{"line":1,"column":553},"end":{"line":1,"column":955}},"line":1},"7":{"name":"formatAddress","decl":{"start":{"line":1,"column":964},"end":{"line":1,"column":977}},"loc":{"start":{"line":1,"column":994},"end":{"line":1,"column":1558}},"line":1}},"branchMap":{"0":{"loc":{"start":{"line":1,"column":354},"end":{"line":1,"column":388}},"type":"if","locations":[{"start":{"line":1,"column":354},"end":{"line":1,"column":388}},{"start":{"line":1,"column":376},"end":{"line":1,"column":388}}],"line":1},"1":{"loc":{"start":{"line":1,"column":554},"end":{"line":1,"column":641}},"type":"if","locations":[{"start":{"line":1,"column":554},"end":{"line":1,"column":641}},{"start":{},"end":{}}],"line":1},"2":{"loc":{"start":{"line":1,"column":641},"end":{"line":1,"column":730}},"type":"if","locations":[{"start":{"line":1,"column":641},"end":{"line":1,"column":730}},{"start":{},"end":{}}],"line":1},"3":{"loc":{"start":{"line":1,"column":730},"end":{"line":1,"column":821}},"type":"if","locations":[{"start":{"line":1,"column":730},"end":{"line":1,"column":821}},{"start":{},"end":{}}],"line":1},"4":{"loc":{"start":{"line":1,"column":858},"end":{"line":1,"column":954}},"type":"if","locations":[{"start":{"line":1,"column":858},"end":{"line":1,"column":954}},{"start":{},"end":{}}],"line":1},"5":{"loc":{"start":{"line":1,"column":986},"end":{"line":1,"column":993}},"type":"default-arg","locations":[{"start":{"line":1,"column":992},"end":{"line":1,"column":993}}],"line":1},"6":{"loc":{"start":{"line":1,"column":1024},"end":{"line":1,"column":1117}},"type":"if","locations":[{"start":{"line":1,"column":1024},"end":{"line":1,"column":1117}},{"start":{},"end":{}}],"line":1},"7":{"loc":{"start":{"line":1,"column":1117},"end":{"line":1,"column":1196}},"type":"if","locations":[{"start":{"line":1,"column":1117},"end":{"line":1,"column":1196}},{"start":{},"end":{}}],"line":1},"8":{"loc":{"start":{"line":1,"column":1196},"end":{"line":1,"column":1224}},"type":"if","locations":[{"start":{"line":1,"column":1196},"end":{"line":1,"column":1224}},{"start":{},"end":{}}],"line":1},"9":{"loc":{"start":{"line":1,"column":1272},"end":{"line":1,"column":1307}},"type":"if","locations":[{"start":{"line":1,"column":1272},"end":{"line":1,"column":1307}},{"start":{},"end":{}}],"line":1},"10":{"loc":{"start":{"line":1,"column":1437},"end":{"line":1,"column":1489}},"type":"if","locations":[{"start":{"line":1,"column":1437},"end":{"line":1,"column":1489}},{"start":{},"end":{}}],"line":1}},"s":{"0":2,"1":2,"2":6,"3":2,"4":7,"5":11,"6":2,"7":2,"8":1,"9":1,"10":2,"11":14,"12":14,"13":11,"14":3,"15":8,"16":1,"17":7,"18":2,"19":5,"20":5,"21":1,"22":11,"23":11,"24":4,"25":0,"26":4,"27":0,"28":4,"29":0,"30":4,"31":4,"32":0,"33":4,"34":4,"35":4,"36":7,"37":7,"38":0},"f":{"0":2,"1":7,"2":11,"3":2,"4":2,"5":14,"6":11,"7":11},"b":{"0":[1,1],"1":[3,8],"2":[1,7],"3":[2,5],"4":[1,4],"5":[8],"6":[0,4],"7":[0,4],"8":[0,4],"9":[0,4],"10":[7,0]},"inputSourceMap":{"0":"{","1":"\"","2":"v","3":"e","4":"r","5":"s","6":"i","7":"o","8":"n","9":"\"","10":":","11":"3","12":",","13":"\"","14":"s","15":"o","16":"u","17":"r","18":"c","19":"e","20":"s","21":"\"","22":":","23":"[","24":"\"","25":"/","26":"U","27":"s","28":"e","29":"r","30":"s","31":"/","32":"y","33":"u","34":"a","35":"n","36":"z","37":"h","38":"i","39":"j","40":"i","41":"a","42":"/","43":"D","44":"e","45":"s","46":"k","47":"t","48":"o","49":"p","50":"/","51":"y","52":"d","53":"-","54":"i","55":"n","56":"t","57":"e","58":"r","59":"f","60":"a","61":"c","62":"e","63":"/","64":"s","65":"r","66":"c","67":"/","68":"u","69":"t","70":"i","71":"l","72":"s","73":"/","74":"i","75":"n","76":"d","77":"e","78":"x","79":".","80":"t","81":"s","82":"\"","83":"]","84":",","85":"\"","86":"s","87":"o","88":"u","89":"r","90":"c","91":"e","92":"s","93":"C","94":"o","95":"n","96":"t","97":"e","98":"n","99":"t","100":"\"","101":":","102":"[","103":"\"","104":"e","105":"x","106":"p","107":"o","108":"r","109":"t","110":" ","111":"f","112":"u","113":"n","114":"c","115":"t","116":"i","117":"o","118":"n","119":" ","120":"s","121":"u","122":"m","123":"(","124":"a","125":":","126":" ","127":"n","128":"u","129":"m","130":"b","131":"e","132":"r","133":",","134":" ","135":"b","136":":","137":" ","138":"n","139":"u","140":"m","141":"b","142":"e","143":"r","144":")","145":" ","146":"{","147":"\\","148":"n","149":" ","150":" ","151":"i","152":"f","153":" ","154":"(","155":"a","156":" ","157":"=","158":"=","159":" ","160":"1","161":")","162":" ","163":"{","164":"\\","165":"n","166":" ","167":" ","168":" ","169":" ","170":"r","171":"e","172":"t","173":"u","174":"r","175":"n","176":" ","177":"1","178":";","179":"\\","180":"n","181":" ","182":" ","183":"}","184":" ","185":"e","186":"l","187":"s","188":"e","189":" ","190":"{","191":"\\","192":"n","193":" ","194":" ","195":" ","196":" ","197":"r","198":"e","199":"t","200":"u","201":"r","202":"n","203":" ","204":"a","205":" ","206":"+","207":" ","208":"b","209":";","210":"\\","211":"n","212":" ","213":" ","214":"}","215":"\\","216":"n","217":"}","218":"\\","219":"n","220":"\\","221":"n","222":"/","223":"*","224":"*","225":"\\","226":"n","227":" ","228":"*","229":" ","230":"C","231":"u","232":"s","233":"t","234":"o","235":"m","236":" ","237":"e","238":"r","239":"r","240":"o","241":"r","242":" ","243":"c","244":"l","245":"a","246":"s","247":"s","248":" ","249":"f","250":"o","251":"r","252":" ","253":"a","254":"d","255":"d","256":"r","257":"e","258":"s","259":"s","260":" ","261":"f","262":"o","263":"r","264":"m","265":"a","266":"t","267":"t","268":"i","269":"n","270":"g","271":" ","272":"e","273":"r","274":"r","275":"o","276":"r","277":"s","278":"\\","279":"n","280":" ","281":"*","282":"/","283":"\\","284":"n","285":"e","286":"x","287":"p","288":"o","289":"r","290":"t","291":" ","292":"c","293":"l","294":"a","295":"s","296":"s","297":" ","298":"A","299":"d","300":"d","301":"r","302":"e","303":"s","304":"s","305":"F","306":"o","307":"r","308":"m","309":"a","310":"t","311":"E","312":"r","313":"r","314":"o","315":"r","316":" ","317":"e","318":"x","319":"t","320":"e","321":"n","322":"d","323":"s","324":" ","325":"E","326":"r","327":"r","328":"o","329":"r","330":" ","331":"{","332":"\\","333":"n","334":" ","335":" ","336":"c","337":"o","338":"n","339":"s","340":"t","341":"r","342":"u","343":"c","344":"t","345":"o","346":"r","347":"(","348":"m","349":"e","350":"s","351":"s","352":"a","353":"g","354":"e","355":":","356":" ","357":"s","358":"t","359":"r","360":"i","361":"n","362":"g","363":")","364":" ","365":"{","366":"\\","367":"n","368":" ","369":" ","370":" ","371":" ","372":"s","373":"u","374":"p","375":"e","376":"r","377":"(","378":"m","379":"e","380":"s","381":"s","382":"a","383":"g","384":"e","385":")","386":";","387":"\\","388":"n","389":" ","390":" ","391":" ","392":" ","393":"t","394":"h","395":"i","396":"s","397":".","398":"n","399":"a","400":"m","401":"e","402":" ","403":"=","404":" ","405":"'","406":"A","407":"d","408":"d","409":"r","410":"e","411":"s","412":"s","413":"F","414":"o","415":"r","416":"m","417":"a","418":"t","419":"E","420":"r","421":"r","422":"o","423":"r","424":"'","425":";","426":"\\","427":"n","428":" ","429":" ","430":"}","431":"\\","432":"n","433":"}","434":"\\","435":"n","436":"\\","437":"n","438":"/","439":"*","440":"*","441":"\\","442":"n","443":" ","444":"*","445":" ","446":"V","447":"a","448":"l","449":"i","450":"d","451":"a","452":"t","453":"e","454":"s","455":" ","456":"i","457":"f","458":" ","459":"a","460":" ","461":"s","462":"t","463":"r","464":"i","465":"n","466":"g","467":" ","468":"i","469":"s","470":" ","471":"a","472":" ","473":"v","474":"a","475":"l","476":"i","477":"d","478":" ","479":"E","480":"t","481":"h","482":"e","483":"r","484":"e","485":"u","486":"m","487":" ","488":"a","489":"d","490":"d","491":"r","492":"e","493":"s","494":"s","495":"\\","496":"n","497":" ","498":"*","499":"\\","500":"n","501":" ","502":"*","503":" ","504":"@","505":"p","506":"a","507":"r","508":"a","509":"m","510":" ","511":"a","512":"d","513":"d","514":"r","515":"e","516":"s","517":"s","518":" ","519":"-","520":" ","521":"T","522":"h","523":"e","524":" ","525":"a","526":"d","527":"d","528":"r","529":"e","530":"s","531":"s","532":" ","533":"t","534":"o","535":" ","536":"v","537":"a","538":"l","539":"i","540":"d","541":"a","542":"t","543":"e","544":"\\","545":"n","546":" ","547":"*","548":" ","549":"@","550":"t","551":"h","552":"r","553":"o","554":"w","555":"s","556":" ","557":"{","558":"A","559":"d","560":"d","561":"r","562":"e","563":"s","564":"s","565":"F","566":"o","567":"r","568":"m","569":"a","570":"t","571":"E","572":"r","573":"r","574":"o","575":"r","576":"}","577":" ","578":"I","579":"f","580":" ","581":"t","582":"h","583":"e","584":" ","585":"a","586":"d","587":"d","588":"r","589":"e","590":"s","591":"s","592":" ","593":"i","594":"s","595":" ","596":"i","597":"n","598":"v","599":"a","600":"l","601":"i","602":"d","603":"\\","604":"n","605":" ","606":"*","607":"/","608":"\\","609":"n","610":"f","611":"u","612":"n","613":"c","614":"t","615":"i","616":"o","617":"n","618":" ","619":"v","620":"a","621":"l","622":"i","623":"d","624":"a","625":"t","626":"e","627":"A","628":"d","629":"d","630":"r","631":"e","632":"s","633":"s","634":"(","635":"a","636":"d","637":"d","638":"r","639":"e","640":"s","641":"s","642":":","643":" ","644":"s","645":"t","646":"r","647":"i","648":"n","649":"g","650":")","651":":","652":" ","653":"v","654":"o","655":"i","656":"d","657":" ","658":"{","659":"\\","660":"n","661":" ","662":" ","663":"i","664":"f","665":" ","666":"(","667":"t","668":"y","669":"p","670":"e","671":"o","672":"f","673":" ","674":"a","675":"d","676":"d","677":"r","678":"e","679":"s","680":"s","681":" ","682":"!","683":"=","684":"=","685":" ","686":"'","687":"s","688":"t","689":"r","690":"i","691":"n","692":"g","693":"'","694":")","695":" ","696":"{","697":"\\","698":"n","699":" ","700":" ","701":" ","702":" ","703":"t","704":"h","705":"r","706":"o","707":"w","708":" ","709":"n","710":"e","711":"w","712":" ","713":"A","714":"d","715":"d","716":"r","717":"e","718":"s","719":"s","720":"F","721":"o","722":"r","723":"m","724":"a","725":"t","726":"E","727":"r","728":"r","729":"o","730":"r","731":"(","732":"'","733":"A","734":"d","735":"d","736":"r","737":"e","738":"s","739":"s","740":" ","741":"m","742":"u","743":"s","744":"t","745":" ","746":"b","747":"e","748":" ","749":"a","750":" ","751":"s","752":"t","753":"r","754":"i","755":"n","756":"g","757":"'","758":")","759":";","760":"\\","761":"n","762":" ","763":" ","764":"}","765":"\\","766":"n","767":"\\","768":"n","769":" ","770":" ","771":"i","772":"f","773":" ","774":"(","775":"!","776":"a","777":"d","778":"d","779":"r","780":"e","781":"s","782":"s","783":".","784":"s","785":"t","786":"a","787":"r","788":"t","789":"s","790":"W","791":"i","792":"t","793":"h","794":"(","795":"'","796":"0","797":"x","798":"'","799":")","800":")","801":" ","802":"{","803":"\\","804":"n","805":" ","806":" ","807":" ","808":" ","809":"t","810":"h","811":"r","812":"o","813":"w","814":" ","815":"n","816":"e","817":"w","818":" ","819":"A","820":"d","821":"d","822":"r","823":"e","824":"s","825":"s","826":"F","827":"o","828":"r","829":"m","830":"a","831":"t","832":"E","833":"r","834":"r","835":"o","836":"r","837":"(","838":"'","839":"A","840":"d","841":"d","842":"r","843":"e","844":"s","845":"s","846":" ","847":"m","848":"u","849":"s","850":"t","851":" ","852":"s","853":"t","854":"a","855":"r","856":"t","857":" ","858":"w","859":"i","860":"t","861":"h","862":" ","863":"0","864":"x","865":"'","866":")","867":";","868":"\\","869":"n","870":" ","871":" ","872":"}","873":"\\","874":"n","875":"\\","876":"n","877":" ","878":" ","879":"i","880":"f","881":" ","882":"(","883":"a","884":"d","885":"d","886":"r","887":"e","888":"s","889":"s","890":".","891":"l","892":"e","893":"n","894":"g","895":"t","896":"h","897":" ","898":"!","899":"=","900":"=","901":" ","902":"4","903":"2","904":")","905":" ","906":"{","907":"\\","908":"n","909":" ","910":" ","911":" ","912":" ","913":"t","914":"h","915":"r","916":"o","917":"w","918":" ","919":"n","920":"e","921":"w","922":" ","923":"A","924":"d","925":"d","926":"r","927":"e","928":"s","929":"s","930":"F","931":"o","932":"r","933":"m","934":"a","935":"t","936":"E","937":"r","938":"r","939":"o","940":"r","941":"(","942":"'","943":"A","944":"d","945":"d","946":"r","947":"e","948":"s","949":"s","950":" ","951":"m","952":"u","953":"s","954":"t","955":" ","956":"b","957":"e","958":" ","959":"4","960":"2","961":" ","962":"c","963":"h","964":"a","965":"r","966":"a","967":"c","968":"t","969":"e","970":"r","971":"s","972":" ","973":"l","974":"o","975":"n","976":"g","977":"'","978":")","979":";","980":"\\","981":"n","982":" ","983":" ","984":"}","985":"\\","986":"n","987":"\\","988":"n","989":" ","990":" ","991":"/","992":"/","993":" ","994":"验","995":"证","996":"地","997":"址","998":"是","999":"否","1000":"只","1001":"包","1002":"含","1003":"有","1004":"效","1005":"的","1006":"十","1007":"六","1008":"进","1009":"制","1010":"字","1011":"符","1012":"\\","1013":"n","1014":" ","1015":" ","1016":"c","1017":"o","1018":"n","1019":"s","1020":"t","1021":" ","1022":"v","1023":"a","1024":"l","1025":"i","1026":"d","1027":"H","1028":"e","1029":"x","1030":" ","1031":"=","1032":" ","1033":"/","1034":"^","1035":"0","1036":"x","1037":"[","1038":"0","1039":"-","1040":"9","1041":"a","1042":"-","1043":"f","1044":"A","1045":"-","1046":"F","1047":"]","1048":"{","1049":"4","1050":"0","1051":"}","1052":"$","1053":"/","1054":";","1055":"\\","1056":"n","1057":" ","1058":" ","1059":"i","1060":"f","1061":" ","1062":"(","1063":"!","1064":"v","1065":"a","1066":"l","1067":"i","1068":"d","1069":"H","1070":"e","1071":"x","1072":".","1073":"t","1074":"e","1075":"s","1076":"t","1077":"(","1078":"a","1079":"d","1080":"d","1081":"r","1082":"e","1083":"s","1084":"s","1085":")","1086":")","1087":" ","1088":"{","1089":"\\","1090":"n","1091":" ","1092":" ","1093":" ","1094":" ","1095":"t","1096":"h","1097":"r","1098":"o","1099":"w","1100":" ","1101":"n","1102":"e","1103":"w","1104":" ","1105":"A","1106":"d","1107":"d","1108":"r","1109":"e","1110":"s","1111":"s","1112":"F","1113":"o","1114":"r","1115":"m","1116":"a","1117":"t","1118":"E","1119":"r","1120":"r","1121":"o","1122":"r","1123":"(","1124":"'","1125":"A","1126":"d","1127":"d","1128":"r","1129":"e","1130":"s","1131":"s","1132":" ","1133":"c","1134":"o","1135":"n","1136":"t","1137":"a","1138":"i","1139":"n","1140":"s","1141":" ","1142":"i","1143":"n","1144":"v","1145":"a","1146":"l","1147":"i","1148":"d","1149":" ","1150":"c","1151":"h","1152":"a","1153":"r","1154":"a","1155":"c","1156":"t","1157":"e","1158":"r","1159":"s","1160":"'","1161":")","1162":";","1163":"\\","1164":"n","1165":" ","1166":" ","1167":"}","1168":"\\","1169":"n","1170":"}","1171":"\\","1172":"n","1173":"\\","1174":"n","1175":"/","1176":"*","1177":"*","1178":"\\","1179":"n","1180":" ","1181":"*","1182":" ","1183":"F","1184":"o","1185":"r","1186":"m","1187":"a","1188":"t","1189":"s","1190":" ","1191":"a","1192":" ","1193":"g","1194":"i","1195":"v","1196":"e","1197":"n","1198":" ","1199":"E","1200":"t","1201":"h","1202":"e","1203":"r","1204":"e","1205":"u","1206":"m","1207":" ","1208":"a","1209":"d","1210":"d","1211":"r","1212":"e","1213":"s","1214":"s","1215":" ","1216":"t","1217":"o","1218":" ","1219":"a","1220":" ","1221":"s","1222":"h","1223":"o","1224":"r","1225":"t","1226":"e","1227":"r","1228":" ","1229":"v","1230":"e","1231":"r","1232":"s","1233":"i","1234":"o","1235":"n","1236":".","1237":"\\","1238":"n","1239":" ","1240":"*","1241":"\\","1242":"n","1243":" ","1244":"*","1245":" ","1246":"@","1247":"p","1248":"a","1249":"r","1250":"a","1251":"m","1252":" ","1253":"a","1254":"d","1255":"d","1256":"r","1257":"e","1258":"s","1259":"s","1260":" ","1261":"-","1262":" ","1263":"T","1264":"h","1265":"e","1266":" ","1267":"f","1268":"u","1269":"l","1270":"l","1271":" ","1272":"E","1273":"t","1274":"h","1275":"e","1276":"r","1277":"e","1278":"u","1279":"m","1280":" ","1281":"a","1282":"d","1283":"d","1284":"r","1285":"e","1286":"s","1287":"s","1288":"\\","1289":"n","1290":" ","1291":"*","1292":" ","1293":"@","1294":"p","1295":"a","1296":"r","1297":"a","1298":"m","1299":" ","1300":"c","1301":"h","1302":"a","1303":"r","1304":"s","1305":" ","1306":"-","1307":" ","1308":"T","1309":"h","1310":"e","1311":" ","1312":"n","1313":"u","1314":"m","1315":"b","1316":"e","1317":"r","1318":" ","1319":"o","1320":"f","1321":" ","1322":"c","1323":"h","1324":"a","1325":"r","1326":"a","1327":"c","1328":"t","1329":"e","1330":"r","1331":"s","1332":" ","1333":"t","1334":"o","1335":" ","1336":"s","1337":"h","1338":"o","1339":"w","1340":" ","1341":"a","1342":"t","1343":" ","1344":"t","1345":"h","1346":"e","1347":" ","1348":"s","1349":"t","1350":"a","1351":"r","1352":"t","1353":" ","1354":"a","1355":"n","1356":"d","1357":" ","1358":"e","1359":"n","1360":"d","1361":".","1362":" ","1363":"D","1364":"e","1365":"f","1366":"a","1367":"u","1368":"l","1369":"t","1370":" ","1371":"i","1372":"s","1373":" ","1374":"3","1375":"\\","1376":"n","1377":" ","1378":"*","1379":" ","1380":"@","1381":"r","1382":"e","1383":"t","1384":"u","1385":"r","1386":"n","1387":"s","1388":" ","1389":"T","1390":"h","1391":"e","1392":" ","1393":"f","1394":"o","1395":"r","1396":"m","1397":"a","1398":"t","1399":"t","1400":"e","1401":"d","1402":" ","1403":"a","1404":"d","1405":"d","1406":"r","1407":"e","1408":"s","1409":"s","1410":"\\","1411":"n","1412":" ","1413":"*","1414":" ","1415":"@","1416":"t","1417":"h","1418":"r","1419":"o","1420":"w","1421":"s","1422":" ","1423":"{","1424":"A","1425":"d","1426":"d","1427":"r","1428":"e","1429":"s","1430":"s","1431":"F","1432":"o","1433":"r","1434":"m","1435":"a","1436":"t","1437":"E","1438":"r","1439":"r","1440":"o","1441":"r","1442":"}","1443":" ","1444":"I","1445":"f","1446":" ","1447":"t","1448":"h","1449":"e","1450":" ","1451":"a","1452":"d","1453":"d","1454":"r","1455":"e","1456":"s","1457":"s","1458":" ","1459":"i","1460":"s","1461":" ","1462":"i","1463":"n","1464":"v","1465":"a","1466":"l","1467":"i","1468":"d","1469":" ","1470":"o","1471":"r","1472":" ","1473":"c","1474":"h","1475":"a","1476":"r","1477":"s","1478":" ","1479":"i","1480":"s","1481":" ","1482":"i","1483":"n","1484":"v","1485":"a","1486":"l","1487":"i","1488":"d","1489":"\\","1490":"n","1491":" ","1492":"*","1493":"/","1494":"\\","1495":"n","1496":"e","1497":"x","1498":"p","1499":"o","1500":"r","1501":"t","1502":" ","1503":"f","1504":"u","1505":"n","1506":"c","1507":"t","1508":"i","1509":"o","1510":"n","1511":" ","1512":"f","1513":"o","1514":"r","1515":"m","1516":"a","1517":"t","1518":"A","1519":"d","1520":"d","1521":"r","1522":"e","1523":"s","1524":"s","1525":"(","1526":"a","1527":"d","1528":"d","1529":"r","1530":"e","1531":"s","1532":"s","1533":":","1534":" ","1535":"s","1536":"t","1537":"r","1538":"i","1539":"n","1540":"g","1541":",","1542":" ","1543":"c","1544":"h","1545":"a","1546":"r","1547":"s","1548":":","1549":" ","1550":"n","1551":"u","1552":"m","1553":"b","1554":"e","1555":"r","1556":" ","1557":"=","1558":" ","1559":"3","1560":")","1561":":","1562":" ","1563":"s","1564":"t","1565":"r","1566":"i","1567":"n","1568":"g","1569":" ","1570":"{","1571":"\\","1572":"n","1573":" ","1574":" ","1575":"t","1576":"r","1577":"y","1578":" ","1579":"{","1580":"\\","1581":"n","1582":" ","1583":" ","1584":" ","1585":" ","1586":"v","1587":"a","1588":"l","1589":"i","1590":"d","1591":"a","1592":"t","1593":"e","1594":"A","1595":"d","1596":"d","1597":"r","1598":"e","1599":"s","1600":"s","1601":"(","1602":"a","1603":"d","1604":"d","1605":"r","1606":"e","1607":"s","1608":"s","1609":")","1610":";","1611":"\\","1612":"n","1613":"\\","1614":"n","1615":" ","1616":" ","1617":" ","1618":" ","1619":"/","1620":"/","1621":" ","1622":"验","1623":"证","1624":" ","1625":"c","1626":"h","1627":"a","1628":"r","1629":"s","1630":" ","1631":"参","1632":"数","1633":"\\","1634":"n","1635":" ","1636":" ","1637":" ","1638":" ","1639":"i","1640":"f","1641":" ","1642":"(","1643":"t","1644":"y","1645":"p","1646":"e","1647":"o","1648":"f","1649":" ","1650":"c","1651":"h","1652":"a","1653":"r","1654":"s","1655":" ","1656":"!","1657":"=","1658":"=","1659":" ","1660":"'","1661":"n","1662":"u","1663":"m","1664":"b","1665":"e","1666":"r","1667":"'","1668":")","1669":" ","1670":"{","1671":"\\","1672":"n","1673":" ","1674":" ","1675":" ","1676":" ","1677":" ","1678":" ","1679":"t","1680":"h","1681":"r","1682":"o","1683":"w","1684":" ","1685":"n","1686":"e","1687":"w","1688":" ","1689":"A","1690":"d","1691":"d","1692":"r","1693":"e","1694":"s","1695":"s","1696":"F","1697":"o","1698":"r","1699":"m","1700":"a","1701":"t","1702":"E","1703":"r","1704":"r","1705":"o","1706":"r","1707":"(","1708":"'","1709":"C","1710":"h","1711":"a","1712":"r","1713":"s","1714":" ","1715":"p","1716":"a","1717":"r","1718":"a","1719":"m","1720":"e","1721":"t","1722":"e","1723":"r","1724":" ","1725":"m","1726":"u","1727":"s","1728":"t","1729":" ","1730":"b","1731":"e","1732":" ","1733":"a","1734":" ","1735":"n","1736":"u","1737":"m","1738":"b","1739":"e","1740":"r","1741":"'","1742":")","1743":";","1744":"\\","1745":"n","1746":" ","1747":" ","1748":" ","1749":" ","1750":"}","1751":"\\","1752":"n","1753":"\\","1754":"n","1755":" ","1756":" ","1757":" ","1758":" ","1759":"i","1760":"f","1761":" ","1762":"(","1763":"c","1764":"h","1765":"a","1766":"r","1767":"s","1768":" ","1769":"<","1770":" ","1771":"0","1772":")","1773":" ","1774":"{","1775":"\\","1776":"n","1777":" ","1778":" ","1779":" ","1780":" ","1781":" ","1782":" ","1783":"t","1784":"h","1785":"r","1786":"o","1787":"w","1788":" ","1789":"n","1790":"e","1791":"w","1792":" ","1793":"A","1794":"d","1795":"d","1796":"r","1797":"e","1798":"s","1799":"s","1800":"F","1801":"o","1802":"r","1803":"m","1804":"a","1805":"t","1806":"E","1807":"r","1808":"r","1809":"o","1810":"r","1811":"(","1812":"'","1813":"C","1814":"h","1815":"a","1816":"r","1817":"s","1818":" ","1819":"p","1820":"a","1821":"r","1822":"a","1823":"m","1824":"e","1825":"t","1826":"e","1827":"r","1828":" ","1829":"c","1830":"a","1831":"n","1832":"n","1833":"o","1834":"t","1835":" ","1836":"b","1837":"e","1838":" ","1839":"n","1840":"e","1841":"g","1842":"a","1843":"t","1844":"i","1845":"v","1846":"e","1847":"'","1848":")","1849":";","1850":"\\","1851":"n","1852":" ","1853":" ","1854":" ","1855":" ","1856":"}","1857":"\\","1858":"n","1859":"\\","1860":"n","1861":" ","1862":" ","1863":" ","1864":" ","1865":"i","1866":"f","1867":" ","1868":"(","1869":"c","1870":"h","1871":"a","1872":"r","1873":"s","1874":" ","1875":"=","1876":"=","1877":"=","1878":" ","1879":"0","1880":")","1881":" ","1882":"{","1883":"\\","1884":"n","1885":" ","1886":" ","1887":" ","1888":" ","1889":" ","1890":" ","1891":"r","1892":"e","1893":"t","1894":"u","1895":"r","1896":"n","1897":" ","1898":"'","1899":"0","1900":"x","1901":".","1902":".","1903":".","1904":"'","1905":";","1906":"\\","1907":"n","1908":" ","1909":" ","1910":" ","1911":" ","1912":"}","1913":"\\","1914":"n","1915":"\\","1916":"n","1917":" ","1918":" ","1919":" ","1920":" ","1921":"/","1922":"/","1923":" ","1924":"计","1925":"算","1926":"可","1927":"用","1928":"于","1929":"显","1930":"示","1931":"的","1932":"最","1933":"大","1934":"字","1935":"符","1936":"数","1937":"\\","1938":"n","1939":" ","1940":" ","1941":" ","1942":" ","1943":"/","1944":"/","1945":" ","1946":"总","1947":"长","1948":"度","1949":"(","1950":"4","1951":"2","1952":")","1953":" ","1954":"-","1955":" ","1956":"'","1957":"0","1958":"x","1959":"'","1960":"(","1961":"2","1962":")","1963":" ","1964":"-","1965":" ","1966":"'","1967":".","1968":".","1969":".","1970":"'","1971":"(","1972":"3","1973":")","1974":" ","1975":"=","1976":" ","1977":"3","1978":"7","1979":" ","1980":"个","1981":"字","1982":"符","1983":"可","1984":"用","1985":"\\","1986":"n","1987":" ","1988":" ","1989":" ","1990":" ","1991":"/","1992":"/","1993":" ","1994":"除","1995":"以","1996":" ","1997":"2","1998":" ","1999":"是","2000":"因","2001":"为","2002":"我","2003":"们","2004":"要","2005":"在","2006":"开","2007":"头","2008":"和","2009":"结","2010":"尾","2011":"显","2012":"示","2013":"相","2014":"同","2015":"数","2016":"量","2017":"的","2018":"字","2019":"符","2020":"\\","2021":"n","2022":" ","2023":" ","2024":" ","2025":" ","2026":"c","2027":"o","2028":"n","2029":"s","2030":"t","2031":" ","2032":"m","2033":"a","2034":"x","2035":"C","2036":"h","2037":"a","2038":"r","2039":"s","2040":" ","2041":"=","2042":" ","2043":"M","2044":"a","2045":"t","2046":"h","2047":".","2048":"f","2049":"l","2050":"o","2051":"o","2052":"r","2053":"(","2054":"(","2055":"a","2056":"d","2057":"d","2058":"r","2059":"e","2060":"s","2061":"s","2062":".","2063":"l","2064":"e","2065":"n","2066":"g","2067":"t","2068":"h","2069":" ","2070":"-","2071":" ","2072":"5","2073":")","2074":" ","2075":"/","2076":" ","2077":"2","2078":")","2079":";","2080":"\\","2081":"n","2082":"\\","2083":"n","2084":" ","2085":" ","2086":" ","2087":" ","2088":"/","2089":"/","2090":" ","2091":"如","2092":"果","2093":"请","2094":"求","2095":"的","2096":"字","2097":"符","2098":"数","2099":"超","2100":"过","2101":"最","2102":"大","2103":"值","2104":"，","2105":"返","2106":"回","2107":"完","2108":"整","2109":"地","2110":"址","2111":"\\","2112":"n","2113":" ","2114":" ","2115":" ","2116":" ","2117":"i","2118":"f","2119":" ","2120":"(","2121":"c","2122":"h","2123":"a","2124":"r","2125":"s","2126":" ","2127":">","2128":"=","2129":" ","2130":"m","2131":"a","2132":"x","2133":"C","2134":"h","2135":"a","2136":"r","2137":"s","2138":")","2139":" ","2140":"{","2141":"\\","2142":"n","2143":" ","2144":" ","2145":" ","2146":" ","2147":" ","2148":" ","2149":"r","2150":"e","2151":"t","2152":"u","2153":"r","2154":"n","2155":" ","2156":"a","2157":"d","2158":"d","2159":"r","2160":"e","2161":"s","2162":"s","2163":";","2164":"\\","2165":"n","2166":" ","2167":" ","2168":" ","2169":" ","2170":"}","2171":"\\","2172":"n","2173":"\\","2174":"n","2175":" ","2176":" ","2177":" ","2178":" ","2179":"c","2180":"o","2181":"n","2182":"s","2183":"t","2184":" ","2185":"s","2186":"t","2187":"a","2188":"r","2189":"t","2190":" ","2191":"=","2192":" ","2193":"a","2194":"d","2195":"d","2196":"r","2197":"e","2198":"s","2199":"s","2200":".","2201":"s","2202":"u","2203":"b","2204":"s","2205":"t","2206":"r","2207":"i","2208":"n","2209":"g","2210":"(","2211":"0","2212":",","2213":" ","2214":"c","2215":"h","2216":"a","2217":"r","2218":"s","2219":" ","2220":"+","2221":" ","2222":"2","2223":")","2224":";","2225":" ","2226":"/","2227":"/","2228":" ","2229":"+","2230":"2","2231":" ","2232":"f","2233":"o","2234":"r","2235":" ","2236":"\\","2237":"\"","2238":"0","2239":"x","2240":"\\","2241":"\"","2242":"\\","2243":"n","2244":" ","2245":" ","2246":" ","2247":" ","2248":"c","2249":"o","2250":"n","2251":"s","2252":"t","2253":" ","2254":"e","2255":"n","2256":"d","2257":" ","2258":"=","2259":" ","2260":"a","2261":"d","2262":"d","2263":"r","2264":"e","2265":"s","2266":"s","2267":".","2268":"s","2269":"u","2270":"b","2271":"s","2272":"t","2273":"r","2274":"i","2275":"n","2276":"g","2277":"(","2278":"a","2279":"d","2280":"d","2281":"r","2282":"e","2283":"s","2284":"s","2285":".","2286":"l","2287":"e","2288":"n","2289":"g","2290":"t","2291":"h","2292":" ","2293":"-","2294":" ","2295":"c","2296":"h","2297":"a","2298":"r","2299":"s","2300":")","2301":";","2302":"\\","2303":"n","2304":" ","2305":" ","2306":" ","2307":" ","2308":"r","2309":"e","2310":"t","2311":"u","2312":"r","2313":"n","2314":" ","2315":"`","2316":"$","2317":"{","2318":"s","2319":"t","2320":"a","2321":"r","2322":"t","2323":"}","2324":".","2325":".","2326":".","2327":"$","2328":"{","2329":"e","2330":"n","2331":"d","2332":"}","2333":"`","2334":";","2335":"\\","2336":"n","2337":" ","2338":" ","2339":"}","2340":" ","2341":"c","2342":"a","2343":"t","2344":"c","2345":"h","2346":" ","2347":"(","2348":"e","2349":"r","2350":"r","2351":"o","2352":"r","2353":")","2354":" ","2355":"{","2356":"\\","2357":"n","2358":" ","2359":" ","2360":" ","2361":" ","2362":"/","2363":"/","2364":" ","2365":"重","2366":"新","2367":"抛","2368":"出","2369":"自","2370":"定","2371":"义","2372":"错","2373":"误","2374":"\\","2375":"n","2376":" ","2377":" ","2378":" ","2379":" ","2380":"i","2381":"f","2382":" ","2383":"(","2384":"e","2385":"r","2386":"r","2387":"o","2388":"r","2389":" ","2390":"i","2391":"n","2392":"s","2393":"t","2394":"a","2395":"n","2396":"c","2397":"e","2398":"o","2399":"f","2400":" ","2401":"A","2402":"d","2403":"d","2404":"r","2405":"e","2406":"s","2407":"s","2408":"F","2409":"o","2410":"r","2411":"m","2412":"a","2413":"t","2414":"E","2415":"r","2416":"r","2417":"o","2418":"r","2419":")","2420":" ","2421":"{","2422":"\\","2423":"n","2424":" ","2425":" ","2426":" ","2427":" ","2428":" ","2429":" ","2430":"t","2431":"h","2432":"r","2433":"o","2434":"w","2435":" ","2436":"e","2437":"r","2438":"r","2439":"o","2440":"r","2441":";","2442":"\\","2443":"n","2444":" ","2445":" ","2446":" ","2447":" ","2448":"}","2449":"\\","2450":"n","2451":" ","2452":" ","2453":" ","2454":" ","2455":"/","2456":"/","2457":" ","2458":"处","2459":"理","2460":"其","2461":"他","2462":"未","2463":"预","2464":"期","2465":"的","2466":"错","2467":"误","2468":"\\","2469":"n","2470":" ","2471":" ","2472":" ","2473":" ","2474":"t","2475":"h","2476":"r","2477":"o","2478":"w","2479":" ","2480":"n","2481":"e","2482":"w","2483":" ","2484":"A","2485":"d","2486":"d","2487":"r","2488":"e","2489":"s","2490":"s","2491":"F","2492":"o","2493":"r","2494":"m","2495":"a","2496":"t","2497":"E","2498":"r","2499":"r","2500":"o","2501":"r","2502":"(","2503":"'","2504":"U","2505":"n","2506":"e","2507":"x","2508":"p","2509":"e","2510":"c","2511":"t","2512":"e","2513":"d","2514":" ","2515":"e","2516":"r","2517":"r","2518":"o","2519":"r","2520":" ","2521":"f","2522":"o","2523":"r","2524":"m","2525":"a","2526":"t","2527":"t","2528":"i","2529":"n","2530":"g","2531":" ","2532":"a","2533":"d","2534":"d","2535":"r","2536":"e","2537":"s","2538":"s","2539":"'","2540":")","2541":";","2542":"\\","2543":"n","2544":" ","2545":" ","2546":"}","2547":"\\","2548":"n","2549":"}","2550":"\\","2551":"n","2552":"\"","2553":"]","2554":",","2555":"\"","2556":"n","2557":"a","2558":"m","2559":"e","2560":"s","2561":"\"","2562":":","2563":"[","2564":"\"","2565":"A","2566":"d","2567":"d","2568":"r","2569":"e","2570":"s","2571":"s","2572":"F","2573":"o","2574":"r","2575":"m","2576":"a","2577":"t","2578":"E","2579":"r","2580":"r","2581":"o","2582":"r","2583":"\"","2584":",","2585":"\"","2586":"f","2587":"o","2588":"r","2589":"m","2590":"a","2591":"t","2592":"A","2593":"d","2594":"d","2595":"r","2596":"e","2597":"s","2598":"s","2599":"\"","2600":",","2601":"\"","2602":"s","2603":"u","2604":"m","2605":"\"","2606":",","2607":"\"","2608":"a","2609":"\"","2610":",","2611":"\"","2612":"b","2613":"\"","2614":",","2615":"\"","2616":"E","2617":"r","2618":"r","2619":"o","2620":"r","2621":"\"","2622":",","2623":"\"","2624":"c","2625":"o","2626":"n","2627":"s","2628":"t","2629":"r","2630":"u","2631":"c","2632":"t","2633":"o","2634":"r","2635":"\"","2636":",","2637":"\"","2638":"m","2639":"e","2640":"s","2641":"s","2642":"a","2643":"g","2644":"e","2645":"\"","2646":",","2647":"\"","2648":"n","2649":"a","2650":"m","2651":"e","2652":"\"","2653":",","2654":"\"","2655":"v","2656":"a","2657":"l","2658":"i","2659":"d","2660":"a","2661":"t","2662":"e","2663":"A","2664":"d","2665":"d","2666":"r","2667":"e","2668":"s","2669":"s","2670":"\"","2671":",","2672":"\"","2673":"a","2674":"d","2675":"d","2676":"r","2677":"e","2678":"s","2679":"s","2680":"\"","2681":",","2682":"\"","2683":"s","2684":"t","2685":"a","2686":"r","2687":"t","2688":"s","2689":"W","2690":"i","2691":"t","2692":"h","2693":"\"","2694":",","2695":"\"","2696":"l","2697":"e","2698":"n","2699":"g","2700":"t","2701":"h","2702":"\"","2703":",","2704":"\"","2705":"v","2706":"a","2707":"l","2708":"i","2709":"d","2710":"H","2711":"e","2712":"x","2713":"\"","2714":",","2715":"\"","2716":"t","2717":"e","2718":"s","2719":"t","2720":"\"","2721":",","2722":"\"","2723":"c","2724":"h","2725":"a","2726":"r","2727":"s","2728":"\"","2729":",","2730":"\"","2731":"m","2732":"a","2733":"x","2734":"C","2735":"h","2736":"a","2737":"r","2738":"s","2739":"\"","2740":",","2741":"\"","2742":"M","2743":"a","2744":"t","2745":"h","2746":"\"","2747":",","2748":"\"","2749":"f","2750":"l","2751":"o","2752":"o","2753":"r","2754":"\"","2755":",","2756":"\"","2757":"s","2758":"t","2759":"a","2760":"r","2761":"t","2762":"\"","2763":",","2764":"\"","2765":"s","2766":"u","2767":"b","2768":"s","2769":"t","2770":"r","2771":"i","2772":"n","2773":"g","2774":"\"","2775":",","2776":"\"","2777":"e","2778":"n","2779":"d","2780":"\"","2781":",","2782":"\"","2783":"e","2784":"r","2785":"r","2786":"o","2787":"r","2788":"\"","2789":"]","2790":",","2791":"\"","2792":"m","2793":"a","2794":"p","2795":"p","2796":"i","2797":"n","2798":"g","2799":"s","2800":"\"","2801":":","2802":"\"","2803":"2","2804":"M","2805":"A","2806":"W","2807":"a","2808":"A","2809":",","2810":"k","2811":"B","2812":"A","2813":"A","2814":"k","2815":"B","2816":",","2817":"m","2818":"B","2819":"A","2820":"A","2821":"l","2822":"B","2823":"A","2824":",","2825":"o","2826":"B","2827":"A","2828":"y","2829":"C","2830":"G","2831":"C","2832":",","2833":"a","2834":"A","2835":"A","2836":"a","2837":",","2838":"m","2839":"B","2840":"A","2841":"A","2842":"b","2843":"A","2844":",","2845":"e","2846":"A","2847":"p","2848":"D","2849":"A","2850":"C","2851":",","2852":"G","2853":"A","2854":"A","2855":"G","2856":",","2857":"m","2858":"B","2859":"A","2860":"A","2861":"H","2862":"A","2863":",","2864":"O","2865":"A","2866":"A","2867":"T","2868":",","2869":"S","2870":"A","2871":"A","2872":"S","2873":"A","2874":",","2875":"I","2876":"A","2877":"A","2878":"I","2879":"C","2880":",","2881":"C","2882":"A","2883":"A","2884":"S","2885":",","2886":"C","2887":"A","2888":"A","2889":"E","2890":"C","2891":",","2892":"C","2893":"A","2894":"A","2895":"S","2896":",","2897":"E","2898":"A","2899":"C","2900":"t","2901":"C","2902":",","2903":"G","2904":"A","2905":"A","2906":"I","2907":"D","2908":",","2909":"G","2910":"A","2911":"A","2912":"K","2913":",","2914":"E","2915":"A","2916":"A","2917":"G","2918":",","2919":"C","2920":"A","2921":"C","2922":"V","2923":",","2924":"O","2925":"A","2926":"A","2927":"O","2928":",","2929":"C","2930":"A","2931":"C","2932":"T","2933":",","2934":"K","2935":"A","2936":"A","2937":"O","2938":",","2939":"C","2940":"A","2941":"C","2942":"L","2943":",","2944":"O","2945":"A","2946":"A","2947":"O","2948":"A","2949":",","2950":"E","2951":"A","2952":"A","2953":"I","2954":"C","2955":",","2956":"C","2957":"A","2958":"C","2959":"b","2960":",","2961":"C","2962":"A","2963":"C","2964":"F","2965":",","2966":"C","2967":"A","2968":"K","2969":"O","2970":",","2971":"I","2972":"A","2973":"A","2974":"A","2975":",","2976":"A","2977":"A","2978":"A","2979":"M","2980":"J","2981":",","2982":"m","2983":"B","2984":"A","2985":"A","2986":"N","2987":",","2988":"M","2989":"A","2990":"A","2991":"M","2992":"A","2993":",","2994":"2","2995":"B","2996":"A","2997":"A","2998":"2","2999":"B","3000":"K","3001":",","3002":"M","3003":"A","3004":"C","3005":"t","3006":"C","3007":"C","3008":",","3009":"Y","3010":"A","3011":"A","3012":"Y","3013":"C","3014":",","3015":"O","3016":"A","3017":"A","3018":"e","3019":",","3020":"C","3021":"A","3022":"A","3023":"E","3024":",","3025":"C","3026":"A","3027":"C","3028":"3","3029":"B","3030":",","3031":"K","3032":"A","3033":"A","3034":"K","3035":",","3036":"C","3037":"A","3038":"A","3039":"C","3040":"A","3041":",","3042":"Q","3043":"A","3044":"C","3045":"N","3046":",","3047":"C","3048":"A","3049":"A","3050":"A","3051":",","3052":"I","3053":"A","3054":"A","3055":"I","3056":",","3057":"C","3058":"A","3059":"A","3060":"C","3061":"C","3062":",","3063":"I","3064":"A","3065":"A","3066":"I","3067":",","3068":"C","3069":"A","3070":"A","3071":"G","3072":",","3073":"o","3074":"B","3075":"A","3076":"C","3077":"d","3078":",","3079":"C","3080":"A","3081":"C","3082":"F","3083":",","3084":"E","3085":"A","3086":"Q","3087":"A","3088":",","3089":"S","3090":"A","3091":"A","3092":"S","3093":"C","3094":",","3095":"g","3096":"B","3097":"A","3098":"A","3099":"g","3100":"B","3101":"C","3102":",","3103":"O","3104":"A","3105":"A","3106":"e","3107":",","3108":"E","3109":"A","3110":"C","3111":"t","3112":"C","3113":",","3114":"G","3115":"A","3116":"A","3117":"I","3118":",","3119":"O","3120":"A","3121":"A","3122":"O","3123":"A","3124":",","3125":"U","3126":"A","3127":"A","3128":"Y","3129":",","3130":"S","3131":"A","3132":"A","3133":"U","3134":",","3135":"C","3136":"A","3137":"C","3138":"/","3139":"B","3140":",","3141":"M","3142":"A","3143":"A","3144":"M","3145":",","3146":"I","3147":"A","3148":"A","3149":"I","3150":"V","3151":",","3152":"m","3153":"B","3154":"A","3155":"A","3156":"m","3157":"B","3158":",","3159":"2","3160":"B","3161":"A","3162":"C","3163":"/","3164":"B","3165":",","3166":"C","3167":"A","3168":"E","3169":"A","3170":",","3171":"G","3172":"A","3173":"A","3174":"I","3175":",","3176":"C","3177":"A","3178":"A","3179":"C","3180":"U","3181":",","3182":"Q","3183":"A","3184":"A","3185":"Q","3186":"C","3187":",","3188":"U","3189":"A","3190":"A","3191":"U","3192":",","3193":"C","3194":"A","3195":"A","3196":"C","3197":",","3198":"M","3199":"A","3200":"A","3201":"O","3202":",","3203":"C","3204":"A","3205":"C","3206":"7","3207":"B","3208":",","3209":"M","3210":"A","3211":"A","3212":"M","3213":",","3214":"I","3215":"A","3216":"A","3217":"I","3218":"X","3219":",","3220":"m","3221":"B","3222":"A","3223":"A","3224":"m","3225":"B","3226":",","3227":"6","3228":"B","3229":"A","3230":"C","3231":"/","3232":"B","3233":",","3234":"C","3235":"A","3236":"E","3237":"A","3238":",","3239":"G","3240":"A","3241":"A","3242":"I","3243":"U","3244":",","3245":"Q","3246":"A","3247":"A","3248":"Q","3249":"E","3250":",","3251":"M","3252":"A","3253":"A","3254":"M","3255":",","3256":"G","3257":"A","3258":"A","3259":"K","3260":",","3261":"G","3262":"A","3263":"A","3264":"I","3265":",","3266":"C","3267":"A","3268":"C","3269":"z","3270":"B","3271":",","3272":"M","3273":"A","3274":"A","3275":"M","3276":",","3277":"I","3278":"A","3279":"A","3280":"I","3281":"Z","3282":",","3283":"m","3284":"B","3285":"A","3286":"A","3287":"m","3288":"B","3289":",","3290":"q","3291":"C","3292":"A","3293":"C","3294":"/","3295":"B","3296":",","3297":"C","3298":"A","3299":"G","3300":"A","3301":",","3302":"M","3303":"A","3304":"A","3305":"M","3306":"a","3307":",","3308":"S","3309":"A","3310":"A","3311":"W","3312":",","3313":"s","3314":"B","3315":"A","3316":"C","3317":"j","3318":"B","3319":",","3320":"G","3321":"A","3322":"A","3323":"I","3324":",","3325":"C","3326":"A","3327":"A","3328":"C","3329":"A","3330":",","3331":"S","3332":"A","3333":"A","3334":"S","3335":"C","3336":",","3337":"I","3338":"A","3339":"A","3340":"I","3341":",","3342":"C","3343":"A","3344":"A","3345":"C","3346":"J","3347":",","3348":"S","3349":"A","3350":"A","3351":"U","3352":",","3353":"C","3354":"A","3355":"C","3356":"3","3357":"B","3358":",","3359":"M","3360":"A","3361":"A","3362":"M","3363":",","3364":"I","3365":"A","3366":"A","3367":"I","3368":"V","3369":",","3370":"m","3371":"B","3372":"A","3373":"A","3374":"m","3375":"B","3376":",","3377":"s","3378":"C","3379":"A","3380":"C","3381":"/","3382":"B","3383":",","3384":"C","3385":"A","3386":"C","3387":"F","3388":",","3389":"C","3390":"A","3391":"U","3392":"O","3393":",","3394":"S","3395":"A","3396":"A","3397":"S","3398":"C","3399":",","3400":"c","3401":"A","3402":"A","3403":"c","3404":"S","3405":",","3406":"O","3407":"A","3408":"A","3409":"e","3410":",","3411":"C","3412":"A","3413":"A","3414":"E","3415":"K","3416":",","3417":"M","3418":"A","3419":"A","3420":"g","3421":"B","3422":",","3423":"C","3424":"A","3425":"A","3426":"C","3427":",","3428":"E","3429":"A","3430":"C","3431":"9","3432":"D","3433":",","3434":"G","3435":"A","3436":"A","3437":"I","3438":",","3439":"C","3440":"A","3441":"C","3442":"F","3443":"N","3444":",","3445":"g","3446":"B","3447":"A","3448":"A","3449":"g","3450":"B","3451":"C","3452":",","3453":"S","3454":"A","3455":"G","3456":"h","3457":"B","3458":",","3459":"G","3460":"A","3461":"A","3462":"I","3463":",","3464":"O","3465":"A","3466":"A","3467":"O","3468":"K","3469":",","3470":"Q","3471":"A","3472":"A","3473":"U","3474":",","3475":"S","3476":"A","3477":"A","3478":"U","3479":",","3480":"C","3481":"A","3482":"C","3483":"7","3484":"B","3485":",","3486":"M","3487":"A","3488":"A","3489":"M","3490":",","3491":"I","3492":"A","3493":"A","3494":"I","3495":"f","3496":",","3497":"m","3498":"B","3499":"A","3500":"A","3501":"m","3502":"B","3503":",","3504":"m","3505":"C","3506":"A","3507":"C","3508":"/","3509":"B","3510":",","3511":"C","3512":"A","3513":"E","3514":"A","3515":",","3516":"G","3517":"A","3518":"A","3519":"I","3520":"e","3521":",","3522":"M","3523":"A","3524":"A","3525":"Q","3526":",","3527":"E","3528":"A","3529":"A","3530":"G","3531":",","3532":"C","3533":"A","3534":"C","3535":"b","3536":",","3537":"M","3538":"A","3539":"A","3540":"M","3541":",","3542":"I","3543":"A","3544":"A","3545":"I","3546":"f","3547":",","3548":"m","3549":"B","3550":"A","3551":"A","3552":"m","3553":"B","3554":",","3555":"q","3556":"C","3557":"A","3558":"C","3559":"/","3560":"B","3561":",","3562":"C","3563":"A","3564":"E","3565":"A","3566":",","3567":"G","3568":"A","3569":"A","3570":"I","3571":"e","3572":",","3573":"Q","3574":"A","3575":"A","3576":"U","3577":",","3578":"E","3579":"A","3580":"A","3581":"G","3582":",","3583":"C","3584":"A","3585":"C","3586":"f","3587":",","3588":"M","3589":"A","3590":"A","3591":"O","3592":",","3593":"O","3594":"A","3595":"C","3596":"T","3597":",","3598":"C","3599":"A","3600":"K","3601":"A","3602":",","3603":"M","3604":"A","3605":"A","3606":"M","3607":"C","3608":",","3609":"S","3610":"A","3611":"A","3612":"W","3613":"C","3614":",","3615":"K","3616":"A","3617":"A","3618":"K","3619":"C","3620":",","3621":"K","3622":"A","3623":"A","3624":"K","3625":",","3626":"C","3627":"A","3628":"A","3629":"C","3630":",","3631":"A","3632":"A","3633":"A","3634":"C","3635":"R","3636":",","3637":"C","3638":"A","3639":"A","3640":"A","3641":"A","3642":",","3643":"Q","3644":"A","3645":"A","3646":"Q","3647":"E","3648":",","3649":"M","3650":"A","3651":"A","3652":"M","3653":",","3654":"C","3655":"A","3656":"A","3657":"G","3658":",","3659":"C","3660":"A","3661":"A","3662":"A","3663":",","3664":"E","3665":"A","3666":"A","3667":"K","3668":",","3669":"G","3670":"A","3671":"G","3672":"n","3673":"D","3674":",","3675":"G","3676":"A","3677":"A","3678":"I","3679":"G","3680":",","3681":"O","3682":"A","3683":"A","3684":"S","3685":"C","3686":",","3687":"S","3688":"A","3689":"A","3690":"U","3691":",","3692":"C","3693":"A","3694":"C","3695":"r","3696":"B","3697":",","3698":"O","3699":"A","3700":"A","3701":"O","3702":"N","3703":",","3704":"O","3705":"A","3706":"C","3707":"T","3708":",","3709":"C","3710":"A","3711":"E","3712":"A","3713":",","3714":"M","3715":"A","3716":"A","3717":"M","3718":"S","3719":",","3720":"M","3721":"A","3722":"A","3723":"Q","3724":"T","3725":",","3726":"Q","3727":"A","3728":"A","3729":"Q","3730":"U","3731":",","3732":"S","3733":"A","3734":"A","3735":"S","3736":",","3737":"C","3738":"A","3739":"A","3740":"C","3741":",","3742":"E","3743":"A","3744":"A","3745":"G","3746":"L","3747":",","3748":"M","3749":"A","3750":"A","3751":"Q","3752":",","3753":"G","3754":"A","3755":"C","3756":"3","3757":"C","3758":",","3759":"M","3760":"A","3761":"A","3762":"M","3763":"M","3764":",","3765":"I","3766":"A","3767":"A","3768":"M","3769":"X","3770":",","3771":"Q","3772":"A","3773":"A","3774":"Q","3775":"U","3776":",","3777":"S","3778":"A","3779":"A","3780":"S","3781":",","3782":"C","3783":"A","3784":"A","3785":"C","3786":"V","3787":",","3788":"Q","3789":"A","3790":"A","3791":"Q","3792":"E","3793":",","3794":"M","3795":"A","3796":"A","3797":"M","3798":",","3799":"C","3800":"A","3801":"A","3802":"G","3803":"G","3804":",","3805":"O","3806":"A","3807":"C","3808":"/","3809":"C","3810":",","3811":"M","3812":"A","3813":"A","3814":"O","3815":",","3816":"C","3817":"A","3818":"A","3819":"C","3820":",","3821":"E","3822":"A","3823":"A","3824":"E","3825":"I","3826":",","3827":"M","3828":"A","3829":"A","3830":"M","3831":",","3832":"G","3833":"A","3834":"A","3835":"G","3836":",","3837":"E","3838":"A","3839":"A","3840":"E","3841":"E","3842":",","3843":"I","3844":"A","3845":"A","3846":"I","3847":",","3848":"C","3849":"A","3850":"A","3851":"C","3852":",","3853":"A","3854":"A","3855":"C","3856":"5","3857":"B","3858":",","3859":"C","3860":"A","3861":"A","3862":"E","3863":",","3864":"M","3865":"A","3866":"A","3867":"O","3868":"C","3869":",","3870":"M","3871":"A","3872":"A","3873":"O","3874":",","3875":"C","3876":"A","3877":"E","3878":"d","3879":",","3880":"G","3881":"A","3882":"A","3883":"I","3884":"A","3885":",","3886":"i","3887":"B","3888":"A","3889":"A","3890":"i","3891":"B","3892":"t","3893":"B","3894":",","3895":"m","3896":"B","3897":"A","3898":"A","3899":"o","3900":"B","3901":",","3902":"C","3903":"A","3904":"C","3905":"v","3906":"C","3907":",","3908":"M","3909":"A","3910":"A","3911":"M","3912":"s","3913":"B","3914":",","3915":"K","3916":"A","3917":"C","3918":"R","3919":",","3920":"C","3921":"A","3922":"E","3923":"A","3924":",","3925":"M","3926":"A","3927":"A","3928":"M","3929":",","3930":"I","3931":"A","3932":"A","3933":"I","3934":"t","3935":"B","3936":",","3937":"m","3938":"B","3939":"A","3940":"A","3941":"m","3942":"B","3943":",","3944":"s","3945":"C","3946":"A","3947":"C","3948":"/","3949":"B","3950":",","3951":"C","3952":"A","3953":"C","3954":"F","3955":"\"","3956":"}"},"_coverageSchema":"1a1c01bbd47fc00a2c39e90264f33305004495a9","hash":"5fd0ee8255a0ef46e2bb73aefbfd0a2fd5fca031"}
}
