{"/Users/zhh/Desktop/contracts-ui/src/utils/index.ts": {"path":"/Users/zhh/Desktop/contracts-ui/src/utils/index.ts","statementMap":{"0":{"start":{"line":1,"column":13},"end":{"line":1,"column":70}},"1":{"start":{"line":1,"column":99},"end":{"line":1,"column":185}},"2":{"start":{"line":1,"column":119},"end":{"line":1,"column":185}},"3":{"start":{"line":1,"column":186},"end":{"line":1,"column":336}},"4":{"start":{"line":1,"column":233},"end":{"line":1,"column":258}},"5":{"start":{"line":1,"column":285},"end":{"line":1,"column":305}},"6":{"start":{"line":1,"column":322},"end":{"line":1,"column":332}},"7":{"start":{"line":1,"column":354},"end":{"line":1,"column":388}},"8":{"start":{"line":1,"column":363},"end":{"line":1,"column":371}},"9":{"start":{"line":1,"column":377},"end":{"line":1,"column":387}},"10":{"start":{"line":1,"column":412},"end":{"line":1,"column":519}},"11":{"start":{"line":1,"column":472},"end":{"line":1,"column":487}},"12":{"start":{"line":1,"column":487},"end":{"line":1,"column":517}},"13":{"start":{"line":1,"column":554},"end":{"line":1,"column":641}},"14":{"start":{"line":1,"column":584},"end":{"line":1,"column":640}},"15":{"start":{"line":1,"column":641},"end":{"line":1,"column":730}},"16":{"start":{"line":1,"column":671},"end":{"line":1,"column":729}},"17":{"start":{"line":1,"column":730},"end":{"line":1,"column":821}},"18":{"start":{"line":1,"column":754},"end":{"line":1,"column":820}},"19":{"start":{"line":1,"column":836},"end":{"line":1,"column":857}},"20":{"start":{"line":1,"column":858},"end":{"line":1,"column":954}},"21":{"start":{"line":1,"column":886},"end":{"line":1,"column":953}},"22":{"start":{"line":1,"column":995},"end":{"line":1,"column":1557}},"23":{"start":{"line":1,"column":999},"end":{"line":1,"column":1024}},"24":{"start":{"line":1,"column":1024},"end":{"line":1,"column":1117}},"25":{"start":{"line":1,"column":1052},"end":{"line":1,"column":1116}},"26":{"start":{"line":1,"column":1117},"end":{"line":1,"column":1196}},"27":{"start":{"line":1,"column":1129},"end":{"line":1,"column":1195}},"28":{"start":{"line":1,"column":1196},"end":{"line":1,"column":1224}},"29":{"start":{"line":1,"column":1210},"end":{"line":1,"column":1223}},"30":{"start":{"line":1,"column":1239},"end":{"line":1,"column":1271}},"31":{"start":{"line":1,"column":1272},"end":{"line":1,"column":1307}},"32":{"start":{"line":1,"column":1292},"end":{"line":1,"column":1306}},"33":{"start":{"line":1,"column":1319},"end":{"line":1,"column":1347}},"34":{"start":{"line":1,"column":1358},"end":{"line":1,"column":1397}},"35":{"start":{"line":1,"column":1398},"end":{"line":1,"column":1423}},"36":{"start":{"line":1,"column":1437},"end":{"line":1,"column":1489}},"37":{"start":{"line":1,"column":1477},"end":{"line":1,"column":1488}},"38":{"start":{"line":1,"column":1489},"end":{"line":1,"column":1556}}},"fnMap":{"0":{"name":"_export","decl":{"start":{"line":1,"column":79},"end":{"line":1,"column":86}},"loc":{"start":{"line":1,"column":98},"end":{"line":1,"column":186}},"line":1},"1":{"name":"(anonymous_1)","decl":{"start":{"line":1,"column":222},"end":{"line":1,"column":223}},"loc":{"start":{"line":1,"column":232},"end":{"line":1,"column":259}},"line":1},"2":{"name":"(anonymous_2)","decl":{"start":{"line":1,"column":274},"end":{"line":1,"column":275}},"loc":{"start":{"line":1,"column":284},"end":{"line":1,"column":306}},"line":1},"3":{"name":"(anonymous_3)","decl":{"start":{"line":1,"column":311},"end":{"line":1,"column":312}},"loc":{"start":{"line":1,"column":321},"end":{"line":1,"column":333}},"line":1},"4":{"name":"sum","decl":{"start":{"line":1,"column":345},"end":{"line":1,"column":348}},"loc":{"start":{"line":1,"column":353},"end":{"line":1,"column":389}},"line":1},"5":{"name":"(anonymous_5)","decl":{"start":{"line":1,"column":451},"end":{"line":1,"column":452}},"loc":{"start":{"line":1,"column":471},"end":{"line":1,"column":518}},"line":1},"6":{"name":"validateAddress","decl":{"start":{"line":1,"column":529},"end":{"line":1,"column":544}},"loc":{"start":{"line":1,"column":553},"end":{"line":1,"column":955}},"line":1},"7":{"name":"formatAddress","decl":{"start":{"line":1,"column":964},"end":{"line":1,"column":977}},"loc":{"start":{"line":1,"column":994},"end":{"line":1,"column":1558}},"line":1}},"branchMap":{"0":{"loc":{"start":{"line":1,"column":354},"end":{"line":1,"column":388}},"type":"if","locations":[{"start":{"line":1,"column":354},"end":{"line":1,"column":388}},{"start":{"line":1,"column":376},"end":{"line":1,"column":388}}],"line":1},"1":{"loc":{"start":{"line":1,"column":554},"end":{"line":1,"column":641}},"type":"if","locations":[{"start":{"line":1,"column":554},"end":{"line":1,"column":641}},{"start":{},"end":{}}],"line":1},"2":{"loc":{"start":{"line":1,"column":641},"end":{"line":1,"column":730}},"type":"if","locations":[{"start":{"line":1,"column":641},"end":{"line":1,"column":730}},{"start":{},"end":{}}],"line":1},"3":{"loc":{"start":{"line":1,"column":730},"end":{"line":1,"column":821}},"type":"if","locations":[{"start":{"line":1,"column":730},"end":{"line":1,"column":821}},{"start":{},"end":{}}],"line":1},"4":{"loc":{"start":{"line":1,"column":858},"end":{"line":1,"column":954}},"type":"if","locations":[{"start":{"line":1,"column":858},"end":{"line":1,"column":954}},{"start":{},"end":{}}],"line":1},"5":{"loc":{"start":{"line":1,"column":986},"end":{"line":1,"column":993}},"type":"default-arg","locations":[{"start":{"line":1,"column":992},"end":{"line":1,"column":993}}],"line":1},"6":{"loc":{"start":{"line":1,"column":1024},"end":{"line":1,"column":1117}},"type":"if","locations":[{"start":{"line":1,"column":1024},"end":{"line":1,"column":1117}},{"start":{},"end":{}}],"line":1},"7":{"loc":{"start":{"line":1,"column":1117},"end":{"line":1,"column":1196}},"type":"if","locations":[{"start":{"line":1,"column":1117},"end":{"line":1,"column":1196}},{"start":{},"end":{}}],"line":1},"8":{"loc":{"start":{"line":1,"column":1196},"end":{"line":1,"column":1224}},"type":"if","locations":[{"start":{"line":1,"column":1196},"end":{"line":1,"column":1224}},{"start":{},"end":{}}],"line":1},"9":{"loc":{"start":{"line":1,"column":1272},"end":{"line":1,"column":1307}},"type":"if","locations":[{"start":{"line":1,"column":1272},"end":{"line":1,"column":1307}},{"start":{},"end":{}}],"line":1},"10":{"loc":{"start":{"line":1,"column":1437},"end":{"line":1,"column":1489}},"type":"if","locations":[{"start":{"line":1,"column":1437},"end":{"line":1,"column":1489}},{"start":{},"end":{}}],"line":1}},"s":{"0":2,"1":2,"2":6,"3":2,"4":7,"5":11,"6":2,"7":2,"8":1,"9":1,"10":2,"11":14,"12":14,"13":11,"14":3,"15":8,"16":1,"17":7,"18":2,"19":5,"20":5,"21":1,"22":11,"23":11,"24":4,"25":0,"26":4,"27":0,"28":4,"29":0,"30":4,"31":4,"32":0,"33":4,"34":4,"35":4,"36":7,"37":7,"38":0},"f":{"0":2,"1":7,"2":11,"3":2,"4":2,"5":14,"6":11,"7":11},"b":{"0":[1,1],"1":[3,8],"2":[1,7],"3":[2,5],"4":[1,4],"5":[8],"6":[0,4],"7":[0,4],"8":[0,4],"9":[0,4],"10":[7,0]},"inputSourceMap":{"0":"{","1":"\"","2":"v","3":"e","4":"r","5":"s","6":"i","7":"o","8":"n","9":"\"","10":":","11":"3","12":",","13":"\"","14":"s","15":"o","16":"u","17":"r","18":"c","19":"e","20":"s","21":"\"","22":":","23":"[","24":"\"","25":"/","26":"U","27":"s","28":"e","29":"r","30":"s","31":"/","32":"z","33":"h","34":"h","35":"/","36":"D","37":"e","38":"s","39":"k","40":"t","41":"o","42":"p","43":"/","44":"c","45":"o","46":"n","47":"t","48":"r","49":"a","50":"c","51":"t","52":"s","53":"-","54":"u","55":"i","56":"/","57":"s","58":"r","59":"c","60":"/","61":"u","62":"t","63":"i","64":"l","65":"s","66":"/","67":"i","68":"n","69":"d","70":"e","71":"x","72":".","73":"t","74":"s","75":"\"","76":"]","77":",","78":"\"","79":"s","80":"o","81":"u","82":"r","83":"c","84":"e","85":"s","86":"C","87":"o","88":"n","89":"t","90":"e","91":"n","92":"t","93":"\"","94":":","95":"[","96":"\"","97":"e","98":"x","99":"p","100":"o","101":"r","102":"t","103":" ","104":"f","105":"u","106":"n","107":"c","108":"t","109":"i","110":"o","111":"n","112":" ","113":"s","114":"u","115":"m","116":"(","117":"a","118":":","119":" ","120":"n","121":"u","122":"m","123":"b","124":"e","125":"r","126":",","127":" ","128":"b","129":":","130":" ","131":"n","132":"u","133":"m","134":"b","135":"e","136":"r","137":")","138":" ","139":"{","140":"\\","141":"n","142":" ","143":" ","144":"i","145":"f","146":" ","147":"(","148":"a","149":" ","150":"=","151":"=","152":" ","153":"1","154":")","155":" ","156":"{","157":"\\","158":"n","159":" ","160":" ","161":" ","162":" ","163":"r","164":"e","165":"t","166":"u","167":"r","168":"n","169":" ","170":"1","171":";","172":"\\","173":"n","174":" ","175":" ","176":"}","177":" ","178":"e","179":"l","180":"s","181":"e","182":" ","183":"{","184":"\\","185":"n","186":" ","187":" ","188":" ","189":" ","190":"r","191":"e","192":"t","193":"u","194":"r","195":"n","196":" ","197":"a","198":" ","199":"+","200":" ","201":"b","202":";","203":"\\","204":"n","205":" ","206":" ","207":"}","208":"\\","209":"n","210":"}","211":"\\","212":"n","213":"\\","214":"n","215":"/","216":"*","217":"*","218":"\\","219":"n","220":" ","221":"*","222":" ","223":"C","224":"u","225":"s","226":"t","227":"o","228":"m","229":" ","230":"e","231":"r","232":"r","233":"o","234":"r","235":" ","236":"c","237":"l","238":"a","239":"s","240":"s","241":" ","242":"f","243":"o","244":"r","245":" ","246":"a","247":"d","248":"d","249":"r","250":"e","251":"s","252":"s","253":" ","254":"f","255":"o","256":"r","257":"m","258":"a","259":"t","260":"t","261":"i","262":"n","263":"g","264":" ","265":"e","266":"r","267":"r","268":"o","269":"r","270":"s","271":"\\","272":"n","273":" ","274":"*","275":"/","276":"\\","277":"n","278":"e","279":"x","280":"p","281":"o","282":"r","283":"t","284":" ","285":"c","286":"l","287":"a","288":"s","289":"s","290":" ","291":"A","292":"d","293":"d","294":"r","295":"e","296":"s","297":"s","298":"F","299":"o","300":"r","301":"m","302":"a","303":"t","304":"E","305":"r","306":"r","307":"o","308":"r","309":" ","310":"e","311":"x","312":"t","313":"e","314":"n","315":"d","316":"s","317":" ","318":"E","319":"r","320":"r","321":"o","322":"r","323":" ","324":"{","325":"\\","326":"n","327":" ","328":" ","329":"c","330":"o","331":"n","332":"s","333":"t","334":"r","335":"u","336":"c","337":"t","338":"o","339":"r","340":"(","341":"m","342":"e","343":"s","344":"s","345":"a","346":"g","347":"e","348":":","349":" ","350":"s","351":"t","352":"r","353":"i","354":"n","355":"g","356":")","357":" ","358":"{","359":"\\","360":"n","361":" ","362":" ","363":" ","364":" ","365":"s","366":"u","367":"p","368":"e","369":"r","370":"(","371":"m","372":"e","373":"s","374":"s","375":"a","376":"g","377":"e","378":")","379":";","380":"\\","381":"n","382":" ","383":" ","384":" ","385":" ","386":"t","387":"h","388":"i","389":"s","390":".","391":"n","392":"a","393":"m","394":"e","395":" ","396":"=","397":" ","398":"'","399":"A","400":"d","401":"d","402":"r","403":"e","404":"s","405":"s","406":"F","407":"o","408":"r","409":"m","410":"a","411":"t","412":"E","413":"r","414":"r","415":"o","416":"r","417":"'","418":";","419":"\\","420":"n","421":" ","422":" ","423":"}","424":"\\","425":"n","426":"}","427":"\\","428":"n","429":"\\","430":"n","431":"/","432":"*","433":"*","434":"\\","435":"n","436":" ","437":"*","438":" ","439":"V","440":"a","441":"l","442":"i","443":"d","444":"a","445":"t","446":"e","447":"s","448":" ","449":"i","450":"f","451":" ","452":"a","453":" ","454":"s","455":"t","456":"r","457":"i","458":"n","459":"g","460":" ","461":"i","462":"s","463":" ","464":"a","465":" ","466":"v","467":"a","468":"l","469":"i","470":"d","471":" ","472":"E","473":"t","474":"h","475":"e","476":"r","477":"e","478":"u","479":"m","480":" ","481":"a","482":"d","483":"d","484":"r","485":"e","486":"s","487":"s","488":"\\","489":"n","490":" ","491":"*","492":"\\","493":"n","494":" ","495":"*","496":" ","497":"@","498":"p","499":"a","500":"r","501":"a","502":"m","503":" ","504":"a","505":"d","506":"d","507":"r","508":"e","509":"s","510":"s","511":" ","512":"-","513":" ","514":"T","515":"h","516":"e","517":" ","518":"a","519":"d","520":"d","521":"r","522":"e","523":"s","524":"s","525":" ","526":"t","527":"o","528":" ","529":"v","530":"a","531":"l","532":"i","533":"d","534":"a","535":"t","536":"e","537":"\\","538":"n","539":" ","540":"*","541":" ","542":"@","543":"t","544":"h","545":"r","546":"o","547":"w","548":"s","549":" ","550":"{","551":"A","552":"d","553":"d","554":"r","555":"e","556":"s","557":"s","558":"F","559":"o","560":"r","561":"m","562":"a","563":"t","564":"E","565":"r","566":"r","567":"o","568":"r","569":"}","570":" ","571":"I","572":"f","573":" ","574":"t","575":"h","576":"e","577":" ","578":"a","579":"d","580":"d","581":"r","582":"e","583":"s","584":"s","585":" ","586":"i","587":"s","588":" ","589":"i","590":"n","591":"v","592":"a","593":"l","594":"i","595":"d","596":"\\","597":"n","598":" ","599":"*","600":"/","601":"\\","602":"n","603":"f","604":"u","605":"n","606":"c","607":"t","608":"i","609":"o","610":"n","611":" ","612":"v","613":"a","614":"l","615":"i","616":"d","617":"a","618":"t","619":"e","620":"A","621":"d","622":"d","623":"r","624":"e","625":"s","626":"s","627":"(","628":"a","629":"d","630":"d","631":"r","632":"e","633":"s","634":"s","635":":","636":" ","637":"s","638":"t","639":"r","640":"i","641":"n","642":"g","643":")","644":":","645":" ","646":"v","647":"o","648":"i","649":"d","650":" ","651":"{","652":"\\","653":"n","654":" ","655":" ","656":"i","657":"f","658":" ","659":"(","660":"t","661":"y","662":"p","663":"e","664":"o","665":"f","666":" ","667":"a","668":"d","669":"d","670":"r","671":"e","672":"s","673":"s","674":" ","675":"!","676":"=","677":"=","678":" ","679":"'","680":"s","681":"t","682":"r","683":"i","684":"n","685":"g","686":"'","687":")","688":" ","689":"{","690":"\\","691":"n","692":" ","693":" ","694":" ","695":" ","696":"t","697":"h","698":"r","699":"o","700":"w","701":" ","702":"n","703":"e","704":"w","705":" ","706":"A","707":"d","708":"d","709":"r","710":"e","711":"s","712":"s","713":"F","714":"o","715":"r","716":"m","717":"a","718":"t","719":"E","720":"r","721":"r","722":"o","723":"r","724":"(","725":"'","726":"A","727":"d","728":"d","729":"r","730":"e","731":"s","732":"s","733":" ","734":"m","735":"u","736":"s","737":"t","738":" ","739":"b","740":"e","741":" ","742":"a","743":" ","744":"s","745":"t","746":"r","747":"i","748":"n","749":"g","750":"'","751":")","752":";","753":"\\","754":"n","755":" ","756":" ","757":"}","758":"\\","759":"n","760":"\\","761":"n","762":" ","763":" ","764":"i","765":"f","766":" ","767":"(","768":"!","769":"a","770":"d","771":"d","772":"r","773":"e","774":"s","775":"s","776":".","777":"s","778":"t","779":"a","780":"r","781":"t","782":"s","783":"W","784":"i","785":"t","786":"h","787":"(","788":"'","789":"0","790":"x","791":"'","792":")","793":")","794":" ","795":"{","796":"\\","797":"n","798":" ","799":" ","800":" ","801":" ","802":"t","803":"h","804":"r","805":"o","806":"w","807":" ","808":"n","809":"e","810":"w","811":" ","812":"A","813":"d","814":"d","815":"r","816":"e","817":"s","818":"s","819":"F","820":"o","821":"r","822":"m","823":"a","824":"t","825":"E","826":"r","827":"r","828":"o","829":"r","830":"(","831":"'","832":"A","833":"d","834":"d","835":"r","836":"e","837":"s","838":"s","839":" ","840":"m","841":"u","842":"s","843":"t","844":" ","845":"s","846":"t","847":"a","848":"r","849":"t","850":" ","851":"w","852":"i","853":"t","854":"h","855":" ","856":"0","857":"x","858":"'","859":")","860":";","861":"\\","862":"n","863":" ","864":" ","865":"}","866":"\\","867":"n","868":"\\","869":"n","870":" ","871":" ","872":"i","873":"f","874":" ","875":"(","876":"a","877":"d","878":"d","879":"r","880":"e","881":"s","882":"s","883":".","884":"l","885":"e","886":"n","887":"g","888":"t","889":"h","890":" ","891":"!","892":"=","893":"=","894":" ","895":"4","896":"2","897":")","898":" ","899":"{","900":"\\","901":"n","902":" ","903":" ","904":" ","905":" ","906":"t","907":"h","908":"r","909":"o","910":"w","911":" ","912":"n","913":"e","914":"w","915":" ","916":"A","917":"d","918":"d","919":"r","920":"e","921":"s","922":"s","923":"F","924":"o","925":"r","926":"m","927":"a","928":"t","929":"E","930":"r","931":"r","932":"o","933":"r","934":"(","935":"'","936":"A","937":"d","938":"d","939":"r","940":"e","941":"s","942":"s","943":" ","944":"m","945":"u","946":"s","947":"t","948":" ","949":"b","950":"e","951":" ","952":"4","953":"2","954":" ","955":"c","956":"h","957":"a","958":"r","959":"a","960":"c","961":"t","962":"e","963":"r","964":"s","965":" ","966":"l","967":"o","968":"n","969":"g","970":"'","971":")","972":";","973":"\\","974":"n","975":" ","976":" ","977":"}","978":"\\","979":"n","980":"\\","981":"n","982":" ","983":" ","984":"/","985":"/","986":" ","987":"验","988":"证","989":"地","990":"址","991":"是","992":"否","993":"只","994":"包","995":"含","996":"有","997":"效","998":"的","999":"十","1000":"六","1001":"进","1002":"制","1003":"字","1004":"符","1005":"\\","1006":"n","1007":" ","1008":" ","1009":"c","1010":"o","1011":"n","1012":"s","1013":"t","1014":" ","1015":"v","1016":"a","1017":"l","1018":"i","1019":"d","1020":"H","1021":"e","1022":"x","1023":" ","1024":"=","1025":" ","1026":"/","1027":"^","1028":"0","1029":"x","1030":"[","1031":"0","1032":"-","1033":"9","1034":"a","1035":"-","1036":"f","1037":"A","1038":"-","1039":"F","1040":"]","1041":"{","1042":"4","1043":"0","1044":"}","1045":"$","1046":"/","1047":";","1048":"\\","1049":"n","1050":" ","1051":" ","1052":"i","1053":"f","1054":" ","1055":"(","1056":"!","1057":"v","1058":"a","1059":"l","1060":"i","1061":"d","1062":"H","1063":"e","1064":"x","1065":".","1066":"t","1067":"e","1068":"s","1069":"t","1070":"(","1071":"a","1072":"d","1073":"d","1074":"r","1075":"e","1076":"s","1077":"s","1078":")","1079":")","1080":" ","1081":"{","1082":"\\","1083":"n","1084":" ","1085":" ","1086":" ","1087":" ","1088":"t","1089":"h","1090":"r","1091":"o","1092":"w","1093":" ","1094":"n","1095":"e","1096":"w","1097":" ","1098":"A","1099":"d","1100":"d","1101":"r","1102":"e","1103":"s","1104":"s","1105":"F","1106":"o","1107":"r","1108":"m","1109":"a","1110":"t","1111":"E","1112":"r","1113":"r","1114":"o","1115":"r","1116":"(","1117":"'","1118":"A","1119":"d","1120":"d","1121":"r","1122":"e","1123":"s","1124":"s","1125":" ","1126":"c","1127":"o","1128":"n","1129":"t","1130":"a","1131":"i","1132":"n","1133":"s","1134":" ","1135":"i","1136":"n","1137":"v","1138":"a","1139":"l","1140":"i","1141":"d","1142":" ","1143":"c","1144":"h","1145":"a","1146":"r","1147":"a","1148":"c","1149":"t","1150":"e","1151":"r","1152":"s","1153":"'","1154":")","1155":";","1156":"\\","1157":"n","1158":" ","1159":" ","1160":"}","1161":"\\","1162":"n","1163":"}","1164":"\\","1165":"n","1166":"\\","1167":"n","1168":"/","1169":"*","1170":"*","1171":"\\","1172":"n","1173":" ","1174":"*","1175":" ","1176":"F","1177":"o","1178":"r","1179":"m","1180":"a","1181":"t","1182":"s","1183":" ","1184":"a","1185":" ","1186":"g","1187":"i","1188":"v","1189":"e","1190":"n","1191":" ","1192":"E","1193":"t","1194":"h","1195":"e","1196":"r","1197":"e","1198":"u","1199":"m","1200":" ","1201":"a","1202":"d","1203":"d","1204":"r","1205":"e","1206":"s","1207":"s","1208":" ","1209":"t","1210":"o","1211":" ","1212":"a","1213":" ","1214":"s","1215":"h","1216":"o","1217":"r","1218":"t","1219":"e","1220":"r","1221":" ","1222":"v","1223":"e","1224":"r","1225":"s","1226":"i","1227":"o","1228":"n","1229":".","1230":"\\","1231":"n","1232":" ","1233":"*","1234":"\\","1235":"n","1236":" ","1237":"*","1238":" ","1239":"@","1240":"p","1241":"a","1242":"r","1243":"a","1244":"m","1245":" ","1246":"a","1247":"d","1248":"d","1249":"r","1250":"e","1251":"s","1252":"s","1253":" ","1254":"-","1255":" ","1256":"T","1257":"h","1258":"e","1259":" ","1260":"f","1261":"u","1262":"l","1263":"l","1264":" ","1265":"E","1266":"t","1267":"h","1268":"e","1269":"r","1270":"e","1271":"u","1272":"m","1273":" ","1274":"a","1275":"d","1276":"d","1277":"r","1278":"e","1279":"s","1280":"s","1281":"\\","1282":"n","1283":" ","1284":"*","1285":" ","1286":"@","1287":"p","1288":"a","1289":"r","1290":"a","1291":"m","1292":" ","1293":"c","1294":"h","1295":"a","1296":"r","1297":"s","1298":" ","1299":"-","1300":" ","1301":"T","1302":"h","1303":"e","1304":" ","1305":"n","1306":"u","1307":"m","1308":"b","1309":"e","1310":"r","1311":" ","1312":"o","1313":"f","1314":" ","1315":"c","1316":"h","1317":"a","1318":"r","1319":"a","1320":"c","1321":"t","1322":"e","1323":"r","1324":"s","1325":" ","1326":"t","1327":"o","1328":" ","1329":"s","1330":"h","1331":"o","1332":"w","1333":" ","1334":"a","1335":"t","1336":" ","1337":"t","1338":"h","1339":"e","1340":" ","1341":"s","1342":"t","1343":"a","1344":"r","1345":"t","1346":" ","1347":"a","1348":"n","1349":"d","1350":" ","1351":"e","1352":"n","1353":"d","1354":".","1355":" ","1356":"D","1357":"e","1358":"f","1359":"a","1360":"u","1361":"l","1362":"t","1363":" ","1364":"i","1365":"s","1366":" ","1367":"3","1368":"\\","1369":"n","1370":" ","1371":"*","1372":" ","1373":"@","1374":"r","1375":"e","1376":"t","1377":"u","1378":"r","1379":"n","1380":"s","1381":" ","1382":"T","1383":"h","1384":"e","1385":" ","1386":"f","1387":"o","1388":"r","1389":"m","1390":"a","1391":"t","1392":"t","1393":"e","1394":"d","1395":" ","1396":"a","1397":"d","1398":"d","1399":"r","1400":"e","1401":"s","1402":"s","1403":"\\","1404":"n","1405":" ","1406":"*","1407":" ","1408":"@","1409":"t","1410":"h","1411":"r","1412":"o","1413":"w","1414":"s","1415":" ","1416":"{","1417":"A","1418":"d","1419":"d","1420":"r","1421":"e","1422":"s","1423":"s","1424":"F","1425":"o","1426":"r","1427":"m","1428":"a","1429":"t","1430":"E","1431":"r","1432":"r","1433":"o","1434":"r","1435":"}","1436":" ","1437":"I","1438":"f","1439":" ","1440":"t","1441":"h","1442":"e","1443":" ","1444":"a","1445":"d","1446":"d","1447":"r","1448":"e","1449":"s","1450":"s","1451":" ","1452":"i","1453":"s","1454":" ","1455":"i","1456":"n","1457":"v","1458":"a","1459":"l","1460":"i","1461":"d","1462":" ","1463":"o","1464":"r","1465":" ","1466":"c","1467":"h","1468":"a","1469":"r","1470":"s","1471":" ","1472":"i","1473":"s","1474":" ","1475":"i","1476":"n","1477":"v","1478":"a","1479":"l","1480":"i","1481":"d","1482":"\\","1483":"n","1484":" ","1485":"*","1486":"/","1487":"\\","1488":"n","1489":"e","1490":"x","1491":"p","1492":"o","1493":"r","1494":"t","1495":" ","1496":"f","1497":"u","1498":"n","1499":"c","1500":"t","1501":"i","1502":"o","1503":"n","1504":" ","1505":"f","1506":"o","1507":"r","1508":"m","1509":"a","1510":"t","1511":"A","1512":"d","1513":"d","1514":"r","1515":"e","1516":"s","1517":"s","1518":"(","1519":"a","1520":"d","1521":"d","1522":"r","1523":"e","1524":"s","1525":"s","1526":":","1527":" ","1528":"s","1529":"t","1530":"r","1531":"i","1532":"n","1533":"g","1534":",","1535":" ","1536":"c","1537":"h","1538":"a","1539":"r","1540":"s","1541":":","1542":" ","1543":"n","1544":"u","1545":"m","1546":"b","1547":"e","1548":"r","1549":" ","1550":"=","1551":" ","1552":"3","1553":")","1554":":","1555":" ","1556":"s","1557":"t","1558":"r","1559":"i","1560":"n","1561":"g","1562":" ","1563":"{","1564":"\\","1565":"n","1566":" ","1567":" ","1568":"t","1569":"r","1570":"y","1571":" ","1572":"{","1573":"\\","1574":"n","1575":" ","1576":" ","1577":" ","1578":" ","1579":"v","1580":"a","1581":"l","1582":"i","1583":"d","1584":"a","1585":"t","1586":"e","1587":"A","1588":"d","1589":"d","1590":"r","1591":"e","1592":"s","1593":"s","1594":"(","1595":"a","1596":"d","1597":"d","1598":"r","1599":"e","1600":"s","1601":"s","1602":")","1603":";","1604":"\\","1605":"n","1606":"\\","1607":"n","1608":" ","1609":" ","1610":" ","1611":" ","1612":"/","1613":"/","1614":" ","1615":"验","1616":"证","1617":" ","1618":"c","1619":"h","1620":"a","1621":"r","1622":"s","1623":" ","1624":"参","1625":"数","1626":"\\","1627":"n","1628":" ","1629":" ","1630":" ","1631":" ","1632":"i","1633":"f","1634":" ","1635":"(","1636":"t","1637":"y","1638":"p","1639":"e","1640":"o","1641":"f","1642":" ","1643":"c","1644":"h","1645":"a","1646":"r","1647":"s","1648":" ","1649":"!","1650":"=","1651":"=","1652":" ","1653":"'","1654":"n","1655":"u","1656":"m","1657":"b","1658":"e","1659":"r","1660":"'","1661":")","1662":" ","1663":"{","1664":"\\","1665":"n","1666":" ","1667":" ","1668":" ","1669":" ","1670":" ","1671":" ","1672":"t","1673":"h","1674":"r","1675":"o","1676":"w","1677":" ","1678":"n","1679":"e","1680":"w","1681":" ","1682":"A","1683":"d","1684":"d","1685":"r","1686":"e","1687":"s","1688":"s","1689":"F","1690":"o","1691":"r","1692":"m","1693":"a","1694":"t","1695":"E","1696":"r","1697":"r","1698":"o","1699":"r","1700":"(","1701":"'","1702":"C","1703":"h","1704":"a","1705":"r","1706":"s","1707":" ","1708":"p","1709":"a","1710":"r","1711":"a","1712":"m","1713":"e","1714":"t","1715":"e","1716":"r","1717":" ","1718":"m","1719":"u","1720":"s","1721":"t","1722":" ","1723":"b","1724":"e","1725":" ","1726":"a","1727":" ","1728":"n","1729":"u","1730":"m","1731":"b","1732":"e","1733":"r","1734":"'","1735":")","1736":";","1737":"\\","1738":"n","1739":" ","1740":" ","1741":" ","1742":" ","1743":"}","1744":"\\","1745":"n","1746":"\\","1747":"n","1748":" ","1749":" ","1750":" ","1751":" ","1752":"i","1753":"f","1754":" ","1755":"(","1756":"c","1757":"h","1758":"a","1759":"r","1760":"s","1761":" ","1762":"<","1763":" ","1764":"0","1765":")","1766":" ","1767":"{","1768":"\\","1769":"n","1770":" ","1771":" ","1772":" ","1773":" ","1774":" ","1775":" ","1776":"t","1777":"h","1778":"r","1779":"o","1780":"w","1781":" ","1782":"n","1783":"e","1784":"w","1785":" ","1786":"A","1787":"d","1788":"d","1789":"r","1790":"e","1791":"s","1792":"s","1793":"F","1794":"o","1795":"r","1796":"m","1797":"a","1798":"t","1799":"E","1800":"r","1801":"r","1802":"o","1803":"r","1804":"(","1805":"'","1806":"C","1807":"h","1808":"a","1809":"r","1810":"s","1811":" ","1812":"p","1813":"a","1814":"r","1815":"a","1816":"m","1817":"e","1818":"t","1819":"e","1820":"r","1821":" ","1822":"c","1823":"a","1824":"n","1825":"n","1826":"o","1827":"t","1828":" ","1829":"b","1830":"e","1831":" ","1832":"n","1833":"e","1834":"g","1835":"a","1836":"t","1837":"i","1838":"v","1839":"e","1840":"'","1841":")","1842":";","1843":"\\","1844":"n","1845":" ","1846":" ","1847":" ","1848":" ","1849":"}","1850":"\\","1851":"n","1852":"\\","1853":"n","1854":" ","1855":" ","1856":" ","1857":" ","1858":"i","1859":"f","1860":" ","1861":"(","1862":"c","1863":"h","1864":"a","1865":"r","1866":"s","1867":" ","1868":"=","1869":"=","1870":"=","1871":" ","1872":"0","1873":")","1874":" ","1875":"{","1876":"\\","1877":"n","1878":" ","1879":" ","1880":" ","1881":" ","1882":" ","1883":" ","1884":"r","1885":"e","1886":"t","1887":"u","1888":"r","1889":"n","1890":" ","1891":"'","1892":"0","1893":"x","1894":".","1895":".","1896":".","1897":"'","1898":";","1899":"\\","1900":"n","1901":" ","1902":" ","1903":" ","1904":" ","1905":"}","1906":"\\","1907":"n","1908":"\\","1909":"n","1910":" ","1911":" ","1912":" ","1913":" ","1914":"/","1915":"/","1916":" ","1917":"计","1918":"算","1919":"可","1920":"用","1921":"于","1922":"显","1923":"示","1924":"的","1925":"最","1926":"大","1927":"字","1928":"符","1929":"数","1930":"\\","1931":"n","1932":" ","1933":" ","1934":" ","1935":" ","1936":"/","1937":"/","1938":" ","1939":"总","1940":"长","1941":"度","1942":"(","1943":"4","1944":"2","1945":")","1946":" ","1947":"-","1948":" ","1949":"'","1950":"0","1951":"x","1952":"'","1953":"(","1954":"2","1955":")","1956":" ","1957":"-","1958":" ","1959":"'","1960":".","1961":".","1962":".","1963":"'","1964":"(","1965":"3","1966":")","1967":" ","1968":"=","1969":" ","1970":"3","1971":"7","1972":" ","1973":"个","1974":"字","1975":"符","1976":"可","1977":"用","1978":"\\","1979":"n","1980":" ","1981":" ","1982":" ","1983":" ","1984":"/","1985":"/","1986":" ","1987":"除","1988":"以","1989":" ","1990":"2","1991":" ","1992":"是","1993":"因","1994":"为","1995":"我","1996":"们","1997":"要","1998":"在","1999":"开","2000":"头","2001":"和","2002":"结","2003":"尾","2004":"显","2005":"示","2006":"相","2007":"同","2008":"数","2009":"量","2010":"的","2011":"字","2012":"符","2013":"\\","2014":"n","2015":" ","2016":" ","2017":" ","2018":" ","2019":"c","2020":"o","2021":"n","2022":"s","2023":"t","2024":" ","2025":"m","2026":"a","2027":"x","2028":"C","2029":"h","2030":"a","2031":"r","2032":"s","2033":" ","2034":"=","2035":" ","2036":"M","2037":"a","2038":"t","2039":"h","2040":".","2041":"f","2042":"l","2043":"o","2044":"o","2045":"r","2046":"(","2047":"(","2048":"a","2049":"d","2050":"d","2051":"r","2052":"e","2053":"s","2054":"s","2055":".","2056":"l","2057":"e","2058":"n","2059":"g","2060":"t","2061":"h","2062":" ","2063":"-","2064":" ","2065":"5","2066":")","2067":" ","2068":"/","2069":" ","2070":"2","2071":")","2072":";","2073":"\\","2074":"n","2075":"\\","2076":"n","2077":" ","2078":" ","2079":" ","2080":" ","2081":"/","2082":"/","2083":" ","2084":"如","2085":"果","2086":"请","2087":"求","2088":"的","2089":"字","2090":"符","2091":"数","2092":"超","2093":"过","2094":"最","2095":"大","2096":"值","2097":"，","2098":"返","2099":"回","2100":"完","2101":"整","2102":"地","2103":"址","2104":"\\","2105":"n","2106":" ","2107":" ","2108":" ","2109":" ","2110":"i","2111":"f","2112":" ","2113":"(","2114":"c","2115":"h","2116":"a","2117":"r","2118":"s","2119":" ","2120":">","2121":"=","2122":" ","2123":"m","2124":"a","2125":"x","2126":"C","2127":"h","2128":"a","2129":"r","2130":"s","2131":")","2132":" ","2133":"{","2134":"\\","2135":"n","2136":" ","2137":" ","2138":" ","2139":" ","2140":" ","2141":" ","2142":"r","2143":"e","2144":"t","2145":"u","2146":"r","2147":"n","2148":" ","2149":"a","2150":"d","2151":"d","2152":"r","2153":"e","2154":"s","2155":"s","2156":";","2157":"\\","2158":"n","2159":" ","2160":" ","2161":" ","2162":" ","2163":"}","2164":"\\","2165":"n","2166":"\\","2167":"n","2168":" ","2169":" ","2170":" ","2171":" ","2172":"c","2173":"o","2174":"n","2175":"s","2176":"t","2177":" ","2178":"s","2179":"t","2180":"a","2181":"r","2182":"t","2183":" ","2184":"=","2185":" ","2186":"a","2187":"d","2188":"d","2189":"r","2190":"e","2191":"s","2192":"s","2193":".","2194":"s","2195":"u","2196":"b","2197":"s","2198":"t","2199":"r","2200":"i","2201":"n","2202":"g","2203":"(","2204":"0","2205":",","2206":" ","2207":"c","2208":"h","2209":"a","2210":"r","2211":"s","2212":" ","2213":"+","2214":" ","2215":"2","2216":")","2217":";","2218":" ","2219":"/","2220":"/","2221":" ","2222":"+","2223":"2","2224":" ","2225":"f","2226":"o","2227":"r","2228":" ","2229":"\\","2230":"\"","2231":"0","2232":"x","2233":"\\","2234":"\"","2235":"\\","2236":"n","2237":" ","2238":" ","2239":" ","2240":" ","2241":"c","2242":"o","2243":"n","2244":"s","2245":"t","2246":" ","2247":"e","2248":"n","2249":"d","2250":" ","2251":"=","2252":" ","2253":"a","2254":"d","2255":"d","2256":"r","2257":"e","2258":"s","2259":"s","2260":".","2261":"s","2262":"u","2263":"b","2264":"s","2265":"t","2266":"r","2267":"i","2268":"n","2269":"g","2270":"(","2271":"a","2272":"d","2273":"d","2274":"r","2275":"e","2276":"s","2277":"s","2278":".","2279":"l","2280":"e","2281":"n","2282":"g","2283":"t","2284":"h","2285":" ","2286":"-","2287":" ","2288":"c","2289":"h","2290":"a","2291":"r","2292":"s","2293":")","2294":";","2295":"\\","2296":"n","2297":" ","2298":" ","2299":" ","2300":" ","2301":"r","2302":"e","2303":"t","2304":"u","2305":"r","2306":"n","2307":" ","2308":"`","2309":"$","2310":"{","2311":"s","2312":"t","2313":"a","2314":"r","2315":"t","2316":"}","2317":".","2318":".","2319":".","2320":"$","2321":"{","2322":"e","2323":"n","2324":"d","2325":"}","2326":"`","2327":";","2328":"\\","2329":"n","2330":" ","2331":" ","2332":"}","2333":" ","2334":"c","2335":"a","2336":"t","2337":"c","2338":"h","2339":" ","2340":"(","2341":"e","2342":"r","2343":"r","2344":"o","2345":"r","2346":")","2347":" ","2348":"{","2349":"\\","2350":"n","2351":" ","2352":" ","2353":" ","2354":" ","2355":"/","2356":"/","2357":" ","2358":"重","2359":"新","2360":"抛","2361":"出","2362":"自","2363":"定","2364":"义","2365":"错","2366":"误","2367":"\\","2368":"n","2369":" ","2370":" ","2371":" ","2372":" ","2373":"i","2374":"f","2375":" ","2376":"(","2377":"e","2378":"r","2379":"r","2380":"o","2381":"r","2382":" ","2383":"i","2384":"n","2385":"s","2386":"t","2387":"a","2388":"n","2389":"c","2390":"e","2391":"o","2392":"f","2393":" ","2394":"A","2395":"d","2396":"d","2397":"r","2398":"e","2399":"s","2400":"s","2401":"F","2402":"o","2403":"r","2404":"m","2405":"a","2406":"t","2407":"E","2408":"r","2409":"r","2410":"o","2411":"r","2412":")","2413":" ","2414":"{","2415":"\\","2416":"n","2417":" ","2418":" ","2419":" ","2420":" ","2421":" ","2422":" ","2423":"t","2424":"h","2425":"r","2426":"o","2427":"w","2428":" ","2429":"e","2430":"r","2431":"r","2432":"o","2433":"r","2434":";","2435":"\\","2436":"n","2437":" ","2438":" ","2439":" ","2440":" ","2441":"}","2442":"\\","2443":"n","2444":" ","2445":" ","2446":" ","2447":" ","2448":"/","2449":"/","2450":" ","2451":"处","2452":"理","2453":"其","2454":"他","2455":"未","2456":"预","2457":"期","2458":"的","2459":"错","2460":"误","2461":"\\","2462":"n","2463":" ","2464":" ","2465":" ","2466":" ","2467":"t","2468":"h","2469":"r","2470":"o","2471":"w","2472":" ","2473":"n","2474":"e","2475":"w","2476":" ","2477":"A","2478":"d","2479":"d","2480":"r","2481":"e","2482":"s","2483":"s","2484":"F","2485":"o","2486":"r","2487":"m","2488":"a","2489":"t","2490":"E","2491":"r","2492":"r","2493":"o","2494":"r","2495":"(","2496":"'","2497":"U","2498":"n","2499":"e","2500":"x","2501":"p","2502":"e","2503":"c","2504":"t","2505":"e","2506":"d","2507":" ","2508":"e","2509":"r","2510":"r","2511":"o","2512":"r","2513":" ","2514":"f","2515":"o","2516":"r","2517":"m","2518":"a","2519":"t","2520":"t","2521":"i","2522":"n","2523":"g","2524":" ","2525":"a","2526":"d","2527":"d","2528":"r","2529":"e","2530":"s","2531":"s","2532":"'","2533":")","2534":";","2535":"\\","2536":"n","2537":" ","2538":" ","2539":"}","2540":"\\","2541":"n","2542":"}","2543":"\\","2544":"n","2545":"\"","2546":"]","2547":",","2548":"\"","2549":"n","2550":"a","2551":"m","2552":"e","2553":"s","2554":"\"","2555":":","2556":"[","2557":"\"","2558":"A","2559":"d","2560":"d","2561":"r","2562":"e","2563":"s","2564":"s","2565":"F","2566":"o","2567":"r","2568":"m","2569":"a","2570":"t","2571":"E","2572":"r","2573":"r","2574":"o","2575":"r","2576":"\"","2577":",","2578":"\"","2579":"f","2580":"o","2581":"r","2582":"m","2583":"a","2584":"t","2585":"A","2586":"d","2587":"d","2588":"r","2589":"e","2590":"s","2591":"s","2592":"\"","2593":",","2594":"\"","2595":"s","2596":"u","2597":"m","2598":"\"","2599":",","2600":"\"","2601":"a","2602":"\"","2603":",","2604":"\"","2605":"b","2606":"\"","2607":",","2608":"\"","2609":"E","2610":"r","2611":"r","2612":"o","2613":"r","2614":"\"","2615":",","2616":"\"","2617":"c","2618":"o","2619":"n","2620":"s","2621":"t","2622":"r","2623":"u","2624":"c","2625":"t","2626":"o","2627":"r","2628":"\"","2629":",","2630":"\"","2631":"m","2632":"e","2633":"s","2634":"s","2635":"a","2636":"g","2637":"e","2638":"\"","2639":",","2640":"\"","2641":"n","2642":"a","2643":"m","2644":"e","2645":"\"","2646":",","2647":"\"","2648":"v","2649":"a","2650":"l","2651":"i","2652":"d","2653":"a","2654":"t","2655":"e","2656":"A","2657":"d","2658":"d","2659":"r","2660":"e","2661":"s","2662":"s","2663":"\"","2664":",","2665":"\"","2666":"a","2667":"d","2668":"d","2669":"r","2670":"e","2671":"s","2672":"s","2673":"\"","2674":",","2675":"\"","2676":"s","2677":"t","2678":"a","2679":"r","2680":"t","2681":"s","2682":"W","2683":"i","2684":"t","2685":"h","2686":"\"","2687":",","2688":"\"","2689":"l","2690":"e","2691":"n","2692":"g","2693":"t","2694":"h","2695":"\"","2696":",","2697":"\"","2698":"v","2699":"a","2700":"l","2701":"i","2702":"d","2703":"H","2704":"e","2705":"x","2706":"\"","2707":",","2708":"\"","2709":"t","2710":"e","2711":"s","2712":"t","2713":"\"","2714":",","2715":"\"","2716":"c","2717":"h","2718":"a","2719":"r","2720":"s","2721":"\"","2722":",","2723":"\"","2724":"m","2725":"a","2726":"x","2727":"C","2728":"h","2729":"a","2730":"r","2731":"s","2732":"\"","2733":",","2734":"\"","2735":"M","2736":"a","2737":"t","2738":"h","2739":"\"","2740":",","2741":"\"","2742":"f","2743":"l","2744":"o","2745":"o","2746":"r","2747":"\"","2748":",","2749":"\"","2750":"s","2751":"t","2752":"a","2753":"r","2754":"t","2755":"\"","2756":",","2757":"\"","2758":"s","2759":"u","2760":"b","2761":"s","2762":"t","2763":"r","2764":"i","2765":"n","2766":"g","2767":"\"","2768":",","2769":"\"","2770":"e","2771":"n","2772":"d","2773":"\"","2774":",","2775":"\"","2776":"e","2777":"r","2778":"r","2779":"o","2780":"r","2781":"\"","2782":"]","2783":",","2784":"\"","2785":"m","2786":"a","2787":"p","2788":"p","2789":"i","2790":"n","2791":"g","2792":"s","2793":"\"","2794":":","2795":"\"","2796":"2","2797":"M","2798":"A","2799":"W","2800":"a","2801":"A","2802":",","2803":"k","2804":"B","2805":"A","2806":"A","2807":"k","2808":"B","2809":",","2810":"m","2811":"B","2812":"A","2813":"A","2814":"l","2815":"B","2816":"A","2817":",","2818":"o","2819":"B","2820":"A","2821":"y","2822":"C","2823":"G","2824":"C","2825":",","2826":"a","2827":"A","2828":"A","2829":"a","2830":",","2831":"m","2832":"B","2833":"A","2834":"A","2835":"b","2836":"A","2837":",","2838":"e","2839":"A","2840":"p","2841":"D","2842":"A","2843":"C","2844":",","2845":"G","2846":"A","2847":"A","2848":"G","2849":",","2850":"m","2851":"B","2852":"A","2853":"A","2854":"H","2855":"A","2856":",","2857":"O","2858":"A","2859":"A","2860":"T","2861":",","2862":"S","2863":"A","2864":"A","2865":"S","2866":"A","2867":",","2868":"I","2869":"A","2870":"A","2871":"I","2872":"C","2873":",","2874":"C","2875":"A","2876":"A","2877":"S","2878":",","2879":"C","2880":"A","2881":"A","2882":"E","2883":"C","2884":",","2885":"C","2886":"A","2887":"A","2888":"S","2889":",","2890":"E","2891":"A","2892":"C","2893":"t","2894":"C","2895":",","2896":"G","2897":"A","2898":"A","2899":"I","2900":"D","2901":",","2902":"G","2903":"A","2904":"A","2905":"K","2906":",","2907":"E","2908":"A","2909":"A","2910":"G","2911":",","2912":"C","2913":"A","2914":"C","2915":"V","2916":",","2917":"O","2918":"A","2919":"A","2920":"O","2921":",","2922":"C","2923":"A","2924":"C","2925":"T","2926":",","2927":"K","2928":"A","2929":"A","2930":"O","2931":",","2932":"C","2933":"A","2934":"C","2935":"L","2936":",","2937":"O","2938":"A","2939":"A","2940":"O","2941":"A","2942":",","2943":"E","2944":"A","2945":"A","2946":"I","2947":"C","2948":",","2949":"C","2950":"A","2951":"C","2952":"b","2953":",","2954":"C","2955":"A","2956":"C","2957":"F","2958":",","2959":"C","2960":"A","2961":"K","2962":"O","2963":",","2964":"I","2965":"A","2966":"A","2967":"A","2968":",","2969":"A","2970":"A","2971":"A","2972":"M","2973":"J","2974":",","2975":"m","2976":"B","2977":"A","2978":"A","2979":"N","2980":",","2981":"M","2982":"A","2983":"A","2984":"M","2985":"A","2986":",","2987":"2","2988":"B","2989":"A","2990":"A","2991":"2","2992":"B","2993":"K","2994":",","2995":"M","2996":"A","2997":"C","2998":"t","2999":"C","3000":"C","3001":",","3002":"Y","3003":"A","3004":"A","3005":"Y","3006":"C","3007":",","3008":"O","3009":"A","3010":"A","3011":"e","3012":",","3013":"C","3014":"A","3015":"A","3016":"E","3017":",","3018":"C","3019":"A","3020":"C","3021":"3","3022":"B","3023":",","3024":"K","3025":"A","3026":"A","3027":"K","3028":",","3029":"C","3030":"A","3031":"A","3032":"C","3033":"A","3034":",","3035":"Q","3036":"A","3037":"C","3038":"N","3039":",","3040":"C","3041":"A","3042":"A","3043":"A","3044":",","3045":"I","3046":"A","3047":"A","3048":"I","3049":",","3050":"C","3051":"A","3052":"A","3053":"C","3054":"C","3055":",","3056":"I","3057":"A","3058":"A","3059":"I","3060":",","3061":"C","3062":"A","3063":"A","3064":"G","3065":",","3066":"o","3067":"B","3068":"A","3069":"C","3070":"d","3071":",","3072":"C","3073":"A","3074":"C","3075":"F","3076":",","3077":"E","3078":"A","3079":"Q","3080":"A","3081":",","3082":"S","3083":"A","3084":"A","3085":"S","3086":"C","3087":",","3088":"g","3089":"B","3090":"A","3091":"A","3092":"g","3093":"B","3094":"C","3095":",","3096":"O","3097":"A","3098":"A","3099":"e","3100":",","3101":"E","3102":"A","3103":"C","3104":"t","3105":"C","3106":",","3107":"G","3108":"A","3109":"A","3110":"I","3111":",","3112":"O","3113":"A","3114":"A","3115":"O","3116":"A","3117":",","3118":"U","3119":"A","3120":"A","3121":"Y","3122":",","3123":"S","3124":"A","3125":"A","3126":"U","3127":",","3128":"C","3129":"A","3130":"C","3131":"/","3132":"B","3133":",","3134":"M","3135":"A","3136":"A","3137":"M","3138":",","3139":"I","3140":"A","3141":"A","3142":"I","3143":"V","3144":",","3145":"m","3146":"B","3147":"A","3148":"A","3149":"m","3150":"B","3151":",","3152":"2","3153":"B","3154":"A","3155":"C","3156":"/","3157":"B","3158":",","3159":"C","3160":"A","3161":"E","3162":"A","3163":",","3164":"G","3165":"A","3166":"A","3167":"I","3168":",","3169":"C","3170":"A","3171":"A","3172":"C","3173":"U","3174":",","3175":"Q","3176":"A","3177":"A","3178":"Q","3179":"C","3180":",","3181":"U","3182":"A","3183":"A","3184":"U","3185":",","3186":"C","3187":"A","3188":"A","3189":"C","3190":",","3191":"M","3192":"A","3193":"A","3194":"O","3195":",","3196":"C","3197":"A","3198":"C","3199":"7","3200":"B","3201":",","3202":"M","3203":"A","3204":"A","3205":"M","3206":",","3207":"I","3208":"A","3209":"A","3210":"I","3211":"X","3212":",","3213":"m","3214":"B","3215":"A","3216":"A","3217":"m","3218":"B","3219":",","3220":"6","3221":"B","3222":"A","3223":"C","3224":"/","3225":"B","3226":",","3227":"C","3228":"A","3229":"E","3230":"A","3231":",","3232":"G","3233":"A","3234":"A","3235":"I","3236":"U","3237":",","3238":"Q","3239":"A","3240":"A","3241":"Q","3242":"E","3243":",","3244":"M","3245":"A","3246":"A","3247":"M","3248":",","3249":"G","3250":"A","3251":"A","3252":"K","3253":",","3254":"G","3255":"A","3256":"A","3257":"I","3258":",","3259":"C","3260":"A","3261":"C","3262":"z","3263":"B","3264":",","3265":"M","3266":"A","3267":"A","3268":"M","3269":",","3270":"I","3271":"A","3272":"A","3273":"I","3274":"Z","3275":",","3276":"m","3277":"B","3278":"A","3279":"A","3280":"m","3281":"B","3282":",","3283":"q","3284":"C","3285":"A","3286":"C","3287":"/","3288":"B","3289":",","3290":"C","3291":"A","3292":"G","3293":"A","3294":",","3295":"M","3296":"A","3297":"A","3298":"M","3299":"a","3300":",","3301":"S","3302":"A","3303":"A","3304":"W","3305":",","3306":"s","3307":"B","3308":"A","3309":"C","3310":"j","3311":"B","3312":",","3313":"G","3314":"A","3315":"A","3316":"I","3317":",","3318":"C","3319":"A","3320":"A","3321":"C","3322":"A","3323":",","3324":"S","3325":"A","3326":"A","3327":"S","3328":"C","3329":",","3330":"I","3331":"A","3332":"A","3333":"I","3334":",","3335":"C","3336":"A","3337":"A","3338":"C","3339":"J","3340":",","3341":"S","3342":"A","3343":"A","3344":"U","3345":",","3346":"C","3347":"A","3348":"C","3349":"3","3350":"B","3351":",","3352":"M","3353":"A","3354":"A","3355":"M","3356":",","3357":"I","3358":"A","3359":"A","3360":"I","3361":"V","3362":",","3363":"m","3364":"B","3365":"A","3366":"A","3367":"m","3368":"B","3369":",","3370":"s","3371":"C","3372":"A","3373":"C","3374":"/","3375":"B","3376":",","3377":"C","3378":"A","3379":"C","3380":"F","3381":",","3382":"C","3383":"A","3384":"U","3385":"O","3386":",","3387":"S","3388":"A","3389":"A","3390":"S","3391":"C","3392":",","3393":"c","3394":"A","3395":"A","3396":"c","3397":"S","3398":",","3399":"O","3400":"A","3401":"A","3402":"e","3403":",","3404":"C","3405":"A","3406":"A","3407":"E","3408":"K","3409":",","3410":"M","3411":"A","3412":"A","3413":"g","3414":"B","3415":",","3416":"C","3417":"A","3418":"A","3419":"C","3420":",","3421":"E","3422":"A","3423":"C","3424":"9","3425":"D","3426":",","3427":"G","3428":"A","3429":"A","3430":"I","3431":",","3432":"C","3433":"A","3434":"C","3435":"F","3436":"N","3437":",","3438":"g","3439":"B","3440":"A","3441":"A","3442":"g","3443":"B","3444":"C","3445":",","3446":"S","3447":"A","3448":"G","3449":"h","3450":"B","3451":",","3452":"G","3453":"A","3454":"A","3455":"I","3456":",","3457":"O","3458":"A","3459":"A","3460":"O","3461":"K","3462":",","3463":"Q","3464":"A","3465":"A","3466":"U","3467":",","3468":"S","3469":"A","3470":"A","3471":"U","3472":",","3473":"C","3474":"A","3475":"C","3476":"7","3477":"B","3478":",","3479":"M","3480":"A","3481":"A","3482":"M","3483":",","3484":"I","3485":"A","3486":"A","3487":"I","3488":"f","3489":",","3490":"m","3491":"B","3492":"A","3493":"A","3494":"m","3495":"B","3496":",","3497":"m","3498":"C","3499":"A","3500":"C","3501":"/","3502":"B","3503":",","3504":"C","3505":"A","3506":"E","3507":"A","3508":",","3509":"G","3510":"A","3511":"A","3512":"I","3513":"e","3514":",","3515":"M","3516":"A","3517":"A","3518":"Q","3519":",","3520":"E","3521":"A","3522":"A","3523":"G","3524":",","3525":"C","3526":"A","3527":"C","3528":"b","3529":",","3530":"M","3531":"A","3532":"A","3533":"M","3534":",","3535":"I","3536":"A","3537":"A","3538":"I","3539":"f","3540":",","3541":"m","3542":"B","3543":"A","3544":"A","3545":"m","3546":"B","3547":",","3548":"q","3549":"C","3550":"A","3551":"C","3552":"/","3553":"B","3554":",","3555":"C","3556":"A","3557":"E","3558":"A","3559":",","3560":"G","3561":"A","3562":"A","3563":"I","3564":"e","3565":",","3566":"Q","3567":"A","3568":"A","3569":"U","3570":",","3571":"E","3572":"A","3573":"A","3574":"G","3575":",","3576":"C","3577":"A","3578":"C","3579":"f","3580":",","3581":"M","3582":"A","3583":"A","3584":"O","3585":",","3586":"O","3587":"A","3588":"C","3589":"T","3590":",","3591":"C","3592":"A","3593":"K","3594":"A","3595":",","3596":"M","3597":"A","3598":"A","3599":"M","3600":"C","3601":",","3602":"S","3603":"A","3604":"A","3605":"W","3606":"C","3607":",","3608":"K","3609":"A","3610":"A","3611":"K","3612":"C","3613":",","3614":"K","3615":"A","3616":"A","3617":"K","3618":",","3619":"C","3620":"A","3621":"A","3622":"C","3623":",","3624":"A","3625":"A","3626":"A","3627":"C","3628":"R","3629":",","3630":"C","3631":"A","3632":"A","3633":"A","3634":"A","3635":",","3636":"Q","3637":"A","3638":"A","3639":"Q","3640":"E","3641":",","3642":"M","3643":"A","3644":"A","3645":"M","3646":",","3647":"C","3648":"A","3649":"A","3650":"G","3651":",","3652":"C","3653":"A","3654":"A","3655":"A","3656":",","3657":"E","3658":"A","3659":"A","3660":"K","3661":",","3662":"G","3663":"A","3664":"G","3665":"n","3666":"D","3667":",","3668":"G","3669":"A","3670":"A","3671":"I","3672":"G","3673":",","3674":"O","3675":"A","3676":"A","3677":"S","3678":"C","3679":",","3680":"S","3681":"A","3682":"A","3683":"U","3684":",","3685":"C","3686":"A","3687":"C","3688":"r","3689":"B","3690":",","3691":"O","3692":"A","3693":"A","3694":"O","3695":"N","3696":",","3697":"O","3698":"A","3699":"C","3700":"T","3701":",","3702":"C","3703":"A","3704":"E","3705":"A","3706":",","3707":"M","3708":"A","3709":"A","3710":"M","3711":"S","3712":",","3713":"M","3714":"A","3715":"A","3716":"Q","3717":"T","3718":",","3719":"Q","3720":"A","3721":"A","3722":"Q","3723":"U","3724":",","3725":"S","3726":"A","3727":"A","3728":"S","3729":",","3730":"C","3731":"A","3732":"A","3733":"C","3734":",","3735":"E","3736":"A","3737":"A","3738":"G","3739":"L","3740":",","3741":"M","3742":"A","3743":"A","3744":"Q","3745":",","3746":"G","3747":"A","3748":"C","3749":"3","3750":"C","3751":",","3752":"M","3753":"A","3754":"A","3755":"M","3756":"M","3757":",","3758":"I","3759":"A","3760":"A","3761":"M","3762":"X","3763":",","3764":"Q","3765":"A","3766":"A","3767":"Q","3768":"U","3769":",","3770":"S","3771":"A","3772":"A","3773":"S","3774":",","3775":"C","3776":"A","3777":"A","3778":"C","3779":"V","3780":",","3781":"Q","3782":"A","3783":"A","3784":"Q","3785":"E","3786":",","3787":"M","3788":"A","3789":"A","3790":"M","3791":",","3792":"C","3793":"A","3794":"A","3795":"G","3796":"G","3797":",","3798":"O","3799":"A","3800":"C","3801":"/","3802":"C","3803":",","3804":"M","3805":"A","3806":"A","3807":"O","3808":",","3809":"C","3810":"A","3811":"A","3812":"C","3813":",","3814":"E","3815":"A","3816":"A","3817":"E","3818":"I","3819":",","3820":"M","3821":"A","3822":"A","3823":"M","3824":",","3825":"G","3826":"A","3827":"A","3828":"G","3829":",","3830":"E","3831":"A","3832":"A","3833":"E","3834":"E","3835":",","3836":"I","3837":"A","3838":"A","3839":"I","3840":",","3841":"C","3842":"A","3843":"A","3844":"C","3845":",","3846":"A","3847":"A","3848":"C","3849":"5","3850":"B","3851":",","3852":"C","3853":"A","3854":"A","3855":"E","3856":",","3857":"M","3858":"A","3859":"A","3860":"O","3861":"C","3862":",","3863":"M","3864":"A","3865":"A","3866":"O","3867":",","3868":"C","3869":"A","3870":"E","3871":"d","3872":",","3873":"G","3874":"A","3875":"A","3876":"I","3877":"A","3878":",","3879":"i","3880":"B","3881":"A","3882":"A","3883":"i","3884":"B","3885":"t","3886":"B","3887":",","3888":"m","3889":"B","3890":"A","3891":"A","3892":"o","3893":"B","3894":",","3895":"C","3896":"A","3897":"C","3898":"v","3899":"C","3900":",","3901":"M","3902":"A","3903":"A","3904":"M","3905":"s","3906":"B","3907":",","3908":"K","3909":"A","3910":"C","3911":"R","3912":",","3913":"C","3914":"A","3915":"E","3916":"A","3917":",","3918":"M","3919":"A","3920":"A","3921":"M","3922":",","3923":"I","3924":"A","3925":"A","3926":"I","3927":"t","3928":"B","3929":",","3930":"m","3931":"B","3932":"A","3933":"A","3934":"m","3935":"B","3936":",","3937":"s","3938":"C","3939":"A","3940":"C","3941":"/","3942":"B","3943":",","3944":"C","3945":"A","3946":"C","3947":"F","3948":"\"","3949":"}"},"_coverageSchema":"1a1c01bbd47fc00a2c39e90264f33305004495a9","hash":"ef857c42fc3dedac766ae8a91c4fd1aafd37e810"}
}
