TN:
SF:src/utils/index.ts
FN:1,_export
FN:1,(anonymous_1)
FN:1,(anonymous_2)
FN:1,(anonymous_3)
FN:1,sum
FN:1,(anonymous_5)
FN:1,validateAddress
FN:1,formatAddress
FNF:8
FNH:8
FNDA:2,_export
FNDA:7,(anonymous_1)
FNDA:11,(anonymous_2)
FNDA:2,(anonymous_3)
FNDA:2,sum
FNDA:14,(anonymous_5)
FNDA:11,validateAddress
FNDA:11,formatAddress
DA:1,14
LF:1
LH:1
BRDA:1,0,0,1
BRDA:1,0,1,1
BRDA:1,1,0,3
BRDA:1,1,1,8
BRDA:1,2,0,1
BRDA:1,2,1,7
BRDA:1,3,0,2
BRDA:1,3,1,5
BRDA:1,4,0,1
BRDA:1,4,1,4
BRDA:1,5,0,8
BRDA:1,6,0,0
BRDA:1,6,1,4
BRDA:1,7,0,0
BRDA:1,7,1,4
BRDA:1,8,0,0
BRDA:1,8,1,4
BRDA:1,9,0,0
BRDA:1,9,1,4
BRDA:1,10,0,7
BRDA:1,10,1,0
BRF:21
BRH:16
end_of_record
