{
  "numFailedTestSuites": 0,
  "numFailedTests": 0,
  "numPassedTestSuites": 3,
  "numPassedTests": 9,
  "numPendingTestSuites": 0,
  "numPendingTests": 0,
  "numRuntimeErrorTestSuites": 0,
  "numTodoTests": 0,
  "numTotalTestSuites": 3,
  "numTotalTests": 9,
  "openHandles": [],
  "snapshot": {
    "added": 0,
    "didUpdate": false,
    "failure": false,
    "filesAdded": 0,
    "filesRemoved": 0,
    "filesRemovedList": [],
    "filesUnmatched": 0,
    "filesUpdated": 0,
    "matched": 0,
    "total": 0,
    "unchecked": 0,
    "uncheckedKeysByFile": [],
    "unmatched": 0,
    "updated": 0
  },
  "startTime": 1734350130743,
  "success": false,
  "testResults": [
    {
      "leaks": false,
      "numFailingTests": 0,
      "numPassingTests": 1,
      "numPendingTests": 0,
      "numTodoTests": 0,
      "openHandles": [],
      "perfStats": {
        "end": 1734350131161,
        "runtime": 208,
        "slow": false,
        "start": 1734350130953
      },
      "skipped": false,
      "snapshot": {
        "added": 0,
        "fileDeleted": false,
        "matched": 0,
        "unchecked": 0,
        "uncheckedKeys": [],
        "unmatched": 0,
        "updated": 0
      },
      "testFilePath": "/Users/zhh/Desktop/contracts-ui/tests/unit/index.spec.ts",
      "testResults": [
        {
          "ancestorTitles": [
            "综合性的测试"
          ],
          "duration": 2,
          "failureDetails": [],
          "failureMessages": [],
          "fullName": "综合性的测试 简单的测试",
          "invocations": 1,
          "location": null,
          "numPassingAsserts": 1,
          "retryReasons": [],
          "status": "passed",
          "title": "简单的测试"
        }
      ],
      "failureMessage": null
    },
    {
      "leaks": false,
      "numFailingTests": 0,
      "numPassingTests": 1,
      "numPendingTests": 0,
      "numTodoTests": 0,
      "openHandles": [],
      "perfStats": {
        "end": 1734350131341,
        "runtime": 388,
        "slow": false,
        "start": 1734350130953
      },
      "skipped": false,
      "snapshot": {
        "added": 0,
        "fileDeleted": false,
        "matched": 0,
        "unchecked": 0,
        "uncheckedKeys": [],
        "unmatched": 0,
        "updated": 0
      },
      "testFilePath": "/Users/zhh/Desktop/contracts-ui/tests/unit/sum.spec.ts",
      "testResults": [
        {
          "ancestorTitles": [],
          "duration": 183,
          "failureDetails": [],
          "failureMessages": [],
          "fullName": "adds 1 + 2 to equal 3",
          "invocations": 1,
          "location": null,
          "numPassingAsserts": 2,
          "retryReasons": [],
          "status": "passed",
          "title": "adds 1 + 2 to equal 3"
        }
      ],
      "failureMessage": null
    },
    {
      "leaks": false,
      "numFailingTests": 0,
      "numPassingTests": 7,
      "numPendingTests": 0,
      "numTodoTests": 0,
      "openHandles": [],
      "perfStats": {
        "end": 1734350131359,
        "runtime": 409,
        "slow": false,
        "start": 1734350130950
      },
      "skipped": false,
      "snapshot": {
        "added": 0,
        "fileDeleted": false,
        "matched": 0,
        "unchecked": 0,
        "uncheckedKeys": [],
        "unmatched": 0,
        "updated": 0
      },
      "testFilePath": "/Users/zhh/Desktop/contracts-ui/tests/unit/address.spec.ts",
      "testResults": [
        {
          "ancestorTitles": [
            "formatAddress",
            "valid addresses"
          ],
          "duration": 186,
          "failureDetails": [],
          "failureMessages": [],
          "fullName": "formatAddress valid addresses should format address with default chars (3)",
          "invocations": 1,
          "location": null,
          "numPassingAsserts": 1,
          "retryReasons": [],
          "status": "passed",
          "title": "should format address with default chars (3)"
        },
        {
          "ancestorTitles": [
            "formatAddress",
            "valid addresses"
          ],
          "duration": 0,
          "failureDetails": [],
          "failureMessages": [],
          "fullName": "formatAddress valid addresses should format address with custom chars length",
          "invocations": 1,
          "location": null,
          "numPassingAsserts": 2,
          "retryReasons": [],
          "status": "passed",
          "title": "should format address with custom chars length"
        },
        {
          "ancestorTitles": [
            "formatAddress",
            "valid addresses"
          ],
          "duration": 0,
          "failureDetails": [],
          "failureMessages": [],
          "fullName": "formatAddress valid addresses should handle minimum chars value of 1",
          "invocations": 1,
          "location": null,
          "numPassingAsserts": 1,
          "retryReasons": [],
          "status": "passed",
          "title": "should handle minimum chars value of 1"
        },
        {
          "ancestorTitles": [
            "formatAddress",
            "error handling"
          ],
          "duration": 11,
          "failureDetails": [],
          "failureMessages": [],
          "fullName": "formatAddress error handling should throw AddressFormatError for non-string input",
          "invocations": 1,
          "location": null,
          "numPassingAsserts": 3,
          "retryReasons": [],
          "status": "passed",
          "title": "should throw AddressFormatError for non-string input"
        },
        {
          "ancestorTitles": [
            "formatAddress",
            "error handling"
          ],
          "duration": 1,
          "failureDetails": [],
          "failureMessages": [],
          "fullName": "formatAddress error handling should throw AddressFormatError for address not starting with 0x",
          "invocations": 1,
          "location": null,
          "numPassingAsserts": 1,
          "retryReasons": [],
          "status": "passed",
          "title": "should throw AddressFormatError for address not starting with 0x"
        },
        {
          "ancestorTitles": [
            "formatAddress",
            "error handling"
          ],
          "duration": 0,
          "failureDetails": [],
          "failureMessages": [],
          "fullName": "formatAddress error handling should throw AddressFormatError for invalid address length",
          "invocations": 1,
          "location": null,
          "numPassingAsserts": 2,
          "retryReasons": [],
          "status": "passed",
          "title": "should throw AddressFormatError for invalid address length"
        },
        {
          "ancestorTitles": [
            "formatAddress",
            "error handling"
          ],
          "duration": 1,
          "failureDetails": [],
          "failureMessages": [],
          "fullName": "formatAddress error handling should throw AddressFormatError for invalid hex characters",
          "invocations": 1,
          "location": null,
          "numPassingAsserts": 1,
          "retryReasons": [],
          "status": "passed",
          "title": "should throw AddressFormatError for invalid hex characters"
        }
      ],
      "failureMessage": null
    }
  ],
  "wasInterrupted": false
}